<?xml version="1.0" encoding="UTF-8"?>
<!-- Generated by org.testng.reporters.JUnitXMLReporter -->
<testsuite hostname="UKLF3GWKC2" ignored="0" name="Contiki_nz" tests="5" failures="0" timestamp="15 May 2019 12:55:28 GMT" time="176.115" errors="0">
  <testcase name="feature" time="25.655" classname="cucumber.api.testng.AbstractTestNGCucumberTests"/>
  <testcase name="feature" time="34.637" classname="cucumber.api.testng.AbstractTestNGCucumberTests"/>
  <testcase name="feature" time="44.512" classname="cucumber.api.testng.AbstractTestNGCucumberTests"/>
  <testcase name="feature" time="12.816" classname="cucumber.api.testng.AbstractTestNGCucumberTests"/>
  <testcase name="feature" time="7.747" classname="cucumber.api.testng.AbstractTestNGCucumberTests"/>
</testsuite> <!-- Contiki_nz -->
