<?xml version="1.0" encoding="UTF-8"?>
<!-- Generated by org.testng.reporters.JUnitXMLReporter -->
<testsuite hostname="UKLF3GWKC2" ignored="0" name="GAdventures_au" tests="5" failures="0" timestamp="15 May 2019 12:59:41 GMT" time="252.518" errors="0">
  <testcase name="feature" time="61.534" classname="cucumber.api.testng.AbstractTestNGCucumberTests"/>
  <testcase name="feature" time="53.737" classname="cucumber.api.testng.AbstractTestNGCucumberTests"/>
  <testcase name="feature" time="49.736" classname="cucumber.api.testng.AbstractTestNGCucumberTests"/>
  <testcase name="feature" time="15.128" classname="cucumber.api.testng.AbstractTestNGCucumberTests"/>
  <testcase name="feature" time="7.339" classname="cucumber.api.testng.AbstractTestNGCucumberTests"/>
</testsuite> <!-- GAdventures_au -->
