<?xml version="1.0" encoding="UTF-8"?>
<!-- Generated by org.testng.reporters.JUnitXMLReporter -->
<testsuite hostname="UKLF3GWKC2" ignored="0" name="GrandAmerica_nz" tests="5" failures="0" timestamp="15 May 2019 13:28:21 GMT" time="146.533" errors="0">
  <testcase name="feature" time="4.157" classname="cucumber.api.testng.AbstractTestNGCucumberTests"/>
  <testcase name="feature" time="37.628" classname="cucumber.api.testng.AbstractTestNGCucumberTests"/>
  <testcase name="feature" time="43.607" classname="cucumber.api.testng.AbstractTestNGCucumberTests"/>
  <testcase name="feature" time="12.247" classname="cucumber.api.testng.AbstractTestNGCucumberTests"/>
  <testcase name="feature" time="7.978" classname="cucumber.api.testng.AbstractTestNGCucumberTests"/>
</testsuite> <!-- GrandAmerica_nz -->
