<?xml version="1.0" encoding="UTF-8"?>
<!-- Generated by org.testng.reporters.JUnitXMLReporter -->
<testsuite hostname="UKLF3GWKC2" ignored="0" name="Radical_au" tests="5" failures="0" timestamp="15 May 2019 13:30:45 GMT" time="143.526" errors="0">
  <testcase name="feature" time="8.679" classname="cucumber.api.testng.AbstractTestNGCucumberTests"/>
  <testcase name="feature" time="28.66" classname="cucumber.api.testng.AbstractTestNGCucumberTests"/>
  <testcase name="feature" time="43.947" classname="cucumber.api.testng.AbstractTestNGCucumberTests"/>
  <testcase name="feature" time="12.42" classname="cucumber.api.testng.AbstractTestNGCucumberTests"/>
  <testcase name="feature" time="8.725" classname="cucumber.api.testng.AbstractTestNGCucumberTests"/>
</testsuite> <!-- Radical_au -->
