<?xml version="1.0" encoding="UTF-8"?>
<!-- Generated by org.testng.reporters.JUnitXMLReporter -->
<testsuite hostname="UKLF3GWKC2" ignored="0" name="1Source_nz" tests="5" failures="0" timestamp="14 May 2019 13:54:01 GMT" time="185.093" errors="0">
  <testcase name="feature" time="25.959" classname="cucumber.api.testng.AbstractTestNGCucumberTests"/>
  <testcase name="feature" time="39.166" classname="cucumber.api.testng.AbstractTestNGCucumberTests"/>
  <testcase name="feature" time="45.107" classname="cucumber.api.testng.AbstractTestNGCucumberTests"/>
  <testcase name="feature" time="13.867" classname="cucumber.api.testng.AbstractTestNGCucumberTests"/>
  <testcase name="feature" time="9.266" classname="cucumber.api.testng.AbstractTestNGCucumberTests"/>
</testsuite> <!-- 1Source_nz -->
