<?xml version="1.0" encoding="UTF-8"?>
<!-- Generated by org.testng.reporters.JUnitXMLReporter -->
<testsuite hostname="UKLF3GWKC2" ignored="0" name="1Source_au" tests="5" failures="0" timestamp="14 May 2019 13:50:56 GMT" time="169.875" errors="0">
  <testcase name="feature" time="26.027" classname="cucumber.api.testng.AbstractTestNGCucumberTests"/>
  <testcase name="feature" time="31.787" classname="cucumber.api.testng.AbstractTestNGCucumberTests"/>
  <testcase name="feature" time="45.171" classname="cucumber.api.testng.AbstractTestNGCucumberTests"/>
  <testcase name="feature" time="13.461" classname="cucumber.api.testng.AbstractTestNGCucumberTests"/>
  <testcase name="feature" time="9.069" classname="cucumber.api.testng.AbstractTestNGCucumberTests"/>
</testsuite> <!-- 1Source_au -->
