<?xml version="1.0" encoding="UTF-8"?>
<!-- Generated by org.testng.reporters.JUnitXMLReporter -->
<testsuite hostname="UKLF3GWKC2" ignored="0" name="Contiki-nz" tests="3" failures="0" timestamp="18 Apr 2019 10:18:51 GMT" time="44.59" errors="0">
  <testcase name="feature" time="12.093" classname="cucumber.api.testng.AbstractTestNGCucumberTests"/>
  <testcase name="LaunchApplication" time="10.756" classname="cucumberOptions.TestRunner"/>
  <testcase name="main" time="0.001" classname="cucumberOptions.TestRunner"/>
</testsuite> <!-- Contiki-nz -->
