<?xml version="1.0" encoding="UTF-8"?>
<!-- Generated by org.testng.reporters.JUnitXMLReporter -->
<testsuite hostname="UKLF3GWKC2" ignored="0" name="Contiki_uk" tests="5" failures="0" timestamp="14 May 2019 13:18:53 GMT" time="154.991" errors="0">
  <testcase name="feature" time="25.753" classname="cucumber.api.testng.AbstractTestNGCucumberTests"/>
  <testcase name="feature" time="25.518" classname="cucumber.api.testng.AbstractTestNGCucumberTests"/>
  <testcase name="feature" time="44.205" classname="cucumber.api.testng.AbstractTestNGCucumberTests"/>
  <testcase name="feature" time="12.577" classname="cucumber.api.testng.AbstractTestNGCucumberTests"/>
  <testcase name="feature" time="9.024" classname="cucumber.api.testng.AbstractTestNGCucumberTests"/>
</testsuite> <!-- Contiki_uk -->
