<?xml version="1.0" encoding="UTF-8"?>
<!-- Generated by org.testng.reporters.JUnitXMLReporter -->
<testsuite hostname="UKLF3GWKC2" ignored="0" name="Contiki_nz" tests="5" failures="0" timestamp="14 May 2019 13:16:18 GMT" time="187.672" errors="0">
  <testcase name="feature" time="25.636" classname="cucumber.api.testng.AbstractTestNGCucumberTests"/>
  <testcase name="feature" time="35.377" classname="cucumber.api.testng.AbstractTestNGCucumberTests"/>
  <testcase name="feature" time="44.24" classname="cucumber.api.testng.AbstractTestNGCucumberTests"/>
  <testcase name="feature" time="12.688" classname="cucumber.api.testng.AbstractTestNGCucumberTests"/>
  <testcase name="feature" time="8.162" classname="cucumber.api.testng.AbstractTestNGCucumberTests"/>
</testsuite> <!-- Contiki_nz -->
