<?xml version="1.0" encoding="UTF-8"?>
<!-- Generated by org.testng.reporters.JUnitXMLReporter -->
<testsuite hostname="UKLF3GWKC2" ignored="0" name="Dragoman_uk" tests="5" failures="0" timestamp="14 May 2019 13:45:11 GMT" time="166.619" errors="0">
  <testcase name="feature" time="38.051" classname="cucumber.api.testng.AbstractTestNGCucumberTests"/>
  <testcase name="feature" time="25.246" classname="cucumber.api.testng.AbstractTestNGCucumberTests"/>
  <testcase name="feature" time="45.651" classname="cucumber.api.testng.AbstractTestNGCucumberTests"/>
  <testcase name="feature" time="13.412" classname="cucumber.api.testng.AbstractTestNGCucumberTests"/>
  <testcase name="feature" time="6.2" classname="cucumber.api.testng.AbstractTestNGCucumberTests"/>
</testsuite> <!-- Dragoman_uk -->
