<?xml version="1.0" encoding="UTF-8"?>
<!-- Generated by org.testng.reporters.JUnitXMLReporter -->
<testsuite hostname="UKLF3GWKC2" ignored="0" name="Dragoman_au" tests="5" failures="0" timestamp="14 May 2019 13:39:17 GMT" time="189.858" errors="0">
  <testcase name="feature" time="38.301" classname="cucumber.api.testng.AbstractTestNGCucumberTests"/>
  <testcase name="feature" time="39.196" classname="cucumber.api.testng.AbstractTestNGCucumberTests"/>
  <testcase name="feature" time="44.343" classname="cucumber.api.testng.AbstractTestNGCucumberTests"/>
  <testcase name="feature" time="12.314" classname="cucumber.api.testng.AbstractTestNGCucumberTests"/>
  <testcase name="feature" time="9.512" classname="cucumber.api.testng.AbstractTestNGCucumberTests"/>
</testsuite> <!-- Dragoman_au -->
