<?xml version="1.0" encoding="UTF-8"?>
<!-- Generated by org.testng.reporters.JUnitXMLReporter -->
<testsuite hostname="UKLF3GWKC2" ignored="0" name="GAdventures_uk" tests="5" failures="0" timestamp="14 May 2019 13:32:36 GMT" time="198.401" errors="0">
  <testcase name="feature" time="60.771" classname="cucumber.api.testng.AbstractTestNGCucumberTests"/>
  <testcase name="feature" time="27.764" classname="cucumber.api.testng.AbstractTestNGCucumberTests"/>
  <testcase name="feature" time="49.17" classname="cucumber.api.testng.AbstractTestNGCucumberTests"/>
  <testcase name="feature" time="14.688" classname="cucumber.api.testng.AbstractTestNGCucumberTests"/>
  <testcase name="feature" time="6.158" classname="cucumber.api.testng.AbstractTestNGCucumberTests"/>
</testsuite> <!-- GAdventures_uk -->
