<?xml version="1.0" encoding="UTF-8"?>
<!-- Generated by org.testng.reporters.JUnitXMLReporter -->
<testsuite hostname="UKLF3GWKC2" ignored="0" name="GAdventures_us" tests="5" failures="0" timestamp="15 May 2019 09:07:06 GMT" time="212.465" errors="0">
  <testcase name="feature" time="61.277" classname="cucumber.api.testng.AbstractTestNGCucumberTests"/>
  <testcase name="feature" time="36.623" classname="cucumber.api.testng.AbstractTestNGCucumberTests"/>
  <testcase name="feature" time="52.05" classname="cucumber.api.testng.AbstractTestNGCucumberTests"/>
  <testcase name="feature" time="16.718" classname="cucumber.api.testng.AbstractTestNGCucumberTests"/>
  <testcase name="feature" time="5.896" classname="cucumber.api.testng.AbstractTestNGCucumberTests"/>
</testsuite> <!-- GAdventures_us -->
