<?xml version="1.0" encoding="UTF-8"?>
<!-- Generated by org.testng.reporters.JUnitXMLReporter -->
<testsuite hostname="UKLF3GWKC2" ignored="0" name="GAdventures_nz" tests="5" failures="0" timestamp="14 May 2019 13:29:18 GMT" time="234.958" errors="0">
  <testcase name="feature" time="60.741" classname="cucumber.api.testng.AbstractTestNGCucumberTests"/>
  <testcase name="feature" time="44.024" classname="cucumber.api.testng.AbstractTestNGCucumberTests"/>
  <testcase name="feature" time="49.777" classname="cucumber.api.testng.AbstractTestNGCucumberTests"/>
  <testcase name="feature" time="14.983" classname="cucumber.api.testng.AbstractTestNGCucumberTests"/>
  <testcase name="feature" time="13.534" classname="cucumber.api.testng.AbstractTestNGCucumberTests"/>
</testsuite> <!-- GAdventures_nz -->
