<?xml version="1.0" encoding="UTF-8"?>
<!-- Generated by org.testng.reporters.JUnitXMLReporter -->
<testsuite hostname="UKLF3GWKC2" ignored="0" name="Radical_us" tests="5" failures="0" timestamp="15 May 2019 09:19:33 GMT" time="134.512" errors="0">
  <testcase name="feature" time="8.638" classname="cucumber.api.testng.AbstractTestNGCucumberTests"/>
  <testcase name="feature" time="24.038" classname="cucumber.api.testng.AbstractTestNGCucumberTests"/>
  <testcase name="feature" time="43.979" classname="cucumber.api.testng.AbstractTestNGCucumberTests"/>
  <testcase name="feature" time="12.374" classname="cucumber.api.testng.AbstractTestNGCucumberTests"/>
  <testcase name="feature" time="7.267" classname="cucumber.api.testng.AbstractTestNGCucumberTests"/>
</testsuite> <!-- Radical_us -->
