<?xml version="1.0" encoding="UTF-8"?>
<!-- Generated by org.testng.reporters.JUnitXMLReporter -->
<testsuite hostname="UKLF3GWKC2" ignored="0" name="TrekAmerica_nz" tests="5" failures="0" timestamp="14 May 2019 14:04:16 GMT" time="149.227" errors="0">
  <testcase name="feature" time="8.704" classname="cucumber.api.testng.AbstractTestNGCucumberTests"/>
  <testcase name="feature" time="28.895" classname="cucumber.api.testng.AbstractTestNGCucumberTests"/>
  <testcase name="feature" time="43.817" classname="cucumber.api.testng.AbstractTestNGCucumberTests"/>
  <testcase name="feature" time="12.246" classname="cucumber.api.testng.AbstractTestNGCucumberTests"/>
  <testcase name="feature" time="8.771" classname="cucumber.api.testng.AbstractTestNGCucumberTests"/>
</testsuite> <!-- TrekAmerica_nz -->
