<?xml version="1.0" encoding="UTF-8"?>
<!-- Generated by org.testng.reporters.JUnitXMLReporter -->
<testsuite hostname="UKLF3GWKC2" ignored="0" name="TrekAmerica_us" tests="5" failures="0" timestamp="15 May 2019 09:14:57 GMT" time="115.23" errors="0">
  <testcase name="feature" time="4.266" classname="cucumber.api.testng.AbstractTestNGCucumberTests"/>
  <testcase name="feature" time="23.501" classname="cucumber.api.testng.AbstractTestNGCucumberTests"/>
  <testcase name="feature" time="43.252" classname="cucumber.api.testng.AbstractTestNGCucumberTests"/>
  <testcase name="feature" time="12.198" classname="cucumber.api.testng.AbstractTestNGCucumberTests"/>
  <testcase name="feature" time="6.323" classname="cucumber.api.testng.AbstractTestNGCucumberTests"/>
</testsuite> <!-- TrekAmerica_us -->
