<?xml version="1.0" encoding="UTF-8"?>
<!-- Generated by org.testng.reporters.JUnitXMLReporter -->
<testsuite hostname="UKLF3GWKC2" ignored="0" name="1Source_us" tests="5" failures="0" timestamp="29 Apr 2019 11:01:32 GMT" time="145.81" errors="0">
  <testcase name="feature" time="26.561" classname="cucumber.api.testng.AbstractTestNGCucumberTests"/>
  <testcase name="feature" time="26.053" classname="cucumber.api.testng.AbstractTestNGCucumberTests"/>
  <testcase name="feature" time="45.565" classname="cucumber.api.testng.AbstractTestNGCucumberTests"/>
  <testcase name="feature" time="13.776" classname="cucumber.api.testng.AbstractTestNGCucumberTests"/>
  <testcase name="feature" time="5.984" classname="cucumber.api.testng.AbstractTestNGCucumberTests"/>
</testsuite> <!-- 1Source_us -->
