<?xml version="1.0" encoding="UTF-8"?>
<!-- Generated by org.testng.reporters.JUnitXMLReporter -->
<testsuite hostname="UKLF3GWKC2" ignored="0" name="Contiki_us" tests="5" failures="0" timestamp="29 Apr 2019 10:53:07 GMT" time="140.196" errors="0">
  <testcase name="feature" time="22.21" classname="cucumber.api.testng.AbstractTestNGCucumberTests"/>
  <testcase name="feature" time="25.223" classname="cucumber.api.testng.AbstractTestNGCucumberTests"/>
  <testcase name="feature" time="44.376" classname="cucumber.api.testng.AbstractTestNGCucumberTests"/>
  <testcase name="feature" time="12.876" classname="cucumber.api.testng.AbstractTestNGCucumberTests"/>
  <testcase name="feature" time="5.841" classname="cucumber.api.testng.AbstractTestNGCucumberTests"/>
</testsuite> <!-- Contiki_us -->
