<?xml version="1.0" encoding="UTF-8"?>
<!-- Generated by org.testng.reporters.JUnitXMLReporter -->
<testsuite hostname="UKLF3GWKC2" ignored="0" name="Dragoman_us" tests="5" failures="0" timestamp="29 Apr 2019 10:59:06 GMT" time="167.994" errors="0">
  <testcase name="feature" time="51.736" classname="cucumber.api.testng.AbstractTestNGCucumberTests"/>
  <testcase name="feature" time="25.306" classname="cucumber.api.testng.AbstractTestNGCucumberTests"/>
  <testcase name="feature" time="44.335" classname="cucumber.api.testng.AbstractTestNGCucumberTests"/>
  <testcase name="feature" time="12.573" classname="cucumber.api.testng.AbstractTestNGCucumberTests"/>
  <testcase name="feature" time="5.999" classname="cucumber.api.testng.AbstractTestNGCucumberTests"/>
</testsuite> <!-- Dragoman_us -->
