<?xml version="1.0" encoding="UTF-8"?>
<!-- Generated by org.testng.reporters.JUnitXMLReporter -->
<testsuite hostname="UKLF3GWKC2" ignored="0" name="GAdventures_us" tests="5" failures="0" timestamp="29 Apr 2019 10:56:18 GMT" time="191.174" errors="0">
  <testcase name="feature" time="61.747" classname="cucumber.api.testng.AbstractTestNGCucumberTests"/>
  <testcase name="feature" time="29.096" classname="cucumber.api.testng.AbstractTestNGCucumberTests"/>
  <testcase name="feature" time="49.917" classname="cucumber.api.testng.AbstractTestNGCucumberTests"/>
  <testcase name="feature" time="15.044" classname="cucumber.api.testng.AbstractTestNGCucumberTests"/>
  <testcase name="feature" time="5.909" classname="cucumber.api.testng.AbstractTestNGCucumberTests"/>
</testsuite> <!-- GAdventures_us -->
