<?xml version="1.0" encoding="UTF-8"?>
<!-- Generated by org.testng.reporters.JUnitXMLReporter -->
<testsuite hostname="UKLF3GWKC2" ignored="0" name="Dragoman_nz(failed)(failed)(failed)(failed)" tests="5" failures="0" timestamp="30 Apr 2019 10:28:12 GMT" time="183.335" errors="0">
  <testcase name="feature" time="51.843" classname="cucumber.api.testng.AbstractTestNGCucumberTests"/>
  <testcase name="feature" time="34.297" classname="cucumber.api.testng.AbstractTestNGCucumberTests"/>
  <testcase name="feature" time="44.538" classname="cucumber.api.testng.AbstractTestNGCucumberTests"/>
  <testcase name="feature" time="13.215" classname="cucumber.api.testng.AbstractTestNGCucumberTests"/>
  <testcase name="feature" time="6.467" classname="cucumber.api.testng.AbstractTestNGCucumberTests"/>
</testsuite> <!-- Dragoman_nz(failed)(failed)(failed)(failed) -->
