<?xml version="1.0" encoding="UTF-8"?>
<!-- Generated by org.testng.reporters.JUnitXMLReporter -->
<testsuite hostname="UKLF3GWKC2" ignored="0" name="1Source_au(failed)(failed)" tests="4" failures="0" timestamp="24 Apr 2019 15:16:58 GMT" time="153.258" errors="0">
  <testcase name="feature" time="26.398" classname="cucumber.api.testng.AbstractTestNGCucumberTests"/>
  <testcase name="feature" time="32.268" classname="cucumber.api.testng.AbstractTestNGCucumberTests"/>
  <testcase name="feature" time="50.537" classname="cucumber.api.testng.AbstractTestNGCucumberTests"/>
  <testcase name="feature" time="13.798" classname="cucumber.api.testng.AbstractTestNGCucumberTests"/>
</testsuite> <!-- 1Source_au(failed)(failed) -->
