<?xml version="1.0" encoding="UTF-8"?>
<!-- Generated by org.testng.reporters.JUnitXMLReporter -->
<testsuite hostname="UKLF3GWKC2" ignored="0" name="1Source_nz(failed)(failed)" tests="4" failures="0" timestamp="24 Apr 2019 15:19:44 GMT" time="166.27" errors="0">
  <testcase name="feature" time="26.133" classname="cucumber.api.testng.AbstractTestNGCucumberTests"/>
  <testcase name="feature" time="40.394" classname="cucumber.api.testng.AbstractTestNGCucumberTests"/>
  <testcase name="feature" time="50.08" classname="cucumber.api.testng.AbstractTestNGCucumberTests"/>
  <testcase name="feature" time="13.722" classname="cucumber.api.testng.AbstractTestNGCucumberTests"/>
</testsuite> <!-- 1Source_nz(failed)(failed) -->
