<?xml version="1.0" encoding="UTF-8"?>
<!-- Generated by org.testng.reporters.JUnitXMLReporter -->
<testsuite hostname="UKLF3GWKC2" ignored="0" name="GrandAmerica_nz(failed)(failed)" tests="4" failures="0" timestamp="24 Apr 2019 15:27:15 GMT" time="112.023" errors="0">
  <testcase name="feature" time="4.179" classname="cucumber.api.testng.AbstractTestNGCucumberTests"/>
  <testcase name="feature" time="30.335" classname="cucumber.api.testng.AbstractTestNGCucumberTests"/>
  <testcase name="feature" time="45.139" classname="cucumber.api.testng.AbstractTestNGCucumberTests"/>
  <testcase name="feature" time="12.489" classname="cucumber.api.testng.AbstractTestNGCucumberTests"/>
</testsuite> <!-- GrandAmerica_nz(failed)(failed) -->
