<?xml version="1.0" encoding="UTF-8"?>
<!-- Generated by org.testng.reporters.JUnitXMLReporter -->
<testsuite hostname="UKLF3GWKC2" ignored="0" name="Radical_au(failed)(failed)" tests="4" failures="0" timestamp="24 Apr 2019 15:29:20 GMT" time="124.876" errors="0">
  <testcase name="feature" time="8.697" classname="cucumber.api.testng.AbstractTestNGCucumberTests"/>
  <testcase name="feature" time="30.118" classname="cucumber.api.testng.AbstractTestNGCucumberTests"/>
  <testcase name="feature" time="47.164" classname="cucumber.api.testng.AbstractTestNGCucumberTests"/>
  <testcase name="feature" time="12.234" classname="cucumber.api.testng.AbstractTestNGCucumberTests"/>
</testsuite> <!-- Radical_au(failed)(failed) -->
