<?xml version="1.0" encoding="UTF-8"?>
<!-- Generated by org.testng.reporters.JUnitXMLReporter -->
<testsuite hostname="UKLF3GWKC2" ignored="0" name="TrekAmerica_au(failed)(failed)" tests="4" failures="0" timestamp="24 Apr 2019 15:21:45 GMT" time="120.379" errors="0">
  <testcase name="feature" time="4.172" classname="cucumber.api.testng.AbstractTestNGCucumberTests"/>
  <testcase name="feature" time="30.106" classname="cucumber.api.testng.AbstractTestNGCucumberTests"/>
  <testcase name="feature" time="48.004" classname="cucumber.api.testng.AbstractTestNGCucumberTests"/>
  <testcase name="feature" time="12.209" classname="cucumber.api.testng.AbstractTestNGCucumberTests"/>
</testsuite> <!-- TrekAmerica_au(failed)(failed) -->
