<?xml version="1.0" encoding="UTF-8"?>
<!-- Generated by org.testng.reporters.JUnitXMLReporter -->
<testsuite hostname="UKLF3GWKC2" ignored="0" name="Dragoman_au(failed)" tests="5" failures="0" timestamp="30 Apr 2019 09:34:47 GMT" time="271.115" errors="0">
  <testcase name="feature" time="51.357" classname="cucumber.api.testng.AbstractTestNGCucumberTests"/>
  <testcase name="feature" time="82.214" classname="cucumber.api.testng.AbstractTestNGCucumberTests"/>
  <testcase name="feature" time="44.396" classname="cucumber.api.testng.AbstractTestNGCucumberTests"/>
  <testcase name="feature" time="12.68" classname="cucumber.api.testng.AbstractTestNGCucumberTests"/>
  <testcase name="feature" time="8.92" classname="cucumber.api.testng.AbstractTestNGCucumberTests"/>
</testsuite> <!-- Dragoman_au(failed) -->
