<?xml version="1.0" encoding="UTF-8"?>
<!-- Generated by org.testng.reporters.JUnitXMLReporter -->
<testsuite hostname="UKLF3GWKC2" ignored="0" name="GrandAmerica_au(failed)" tests="5" failures="0" timestamp="30 Apr 2019 09:43:43 GMT" time="139.43" errors="0">
  <testcase name="feature" time="4.19" classname="cucumber.api.testng.AbstractTestNGCucumberTests"/>
  <testcase name="feature" time="39.661" classname="cucumber.api.testng.AbstractTestNGCucumberTests"/>
  <testcase name="feature" time="43.219" classname="cucumber.api.testng.AbstractTestNGCucumberTests"/>
  <testcase name="feature" time="12.453" classname="cucumber.api.testng.AbstractTestNGCucumberTests"/>
  <testcase name="feature" time="9.645" classname="cucumber.api.testng.AbstractTestNGCucumberTests"/>
</testsuite> <!-- GrandAmerica_au(failed) -->
