<?xml version="1.0" encoding="UTF-8"?>
<!-- Generated by org.testng.reporters.JUnitXMLReporter -->
<testsuite hostname="UKLF3GWKC2" ignored="0" name="GrandAmerica_nz(failed)" tests="5" failures="0" timestamp="30 Apr 2019 09:46:04 GMT" time="141.92" errors="0">
  <testcase name="feature" time="4.206" classname="cucumber.api.testng.AbstractTestNGCucumberTests"/>
  <testcase name="feature" time="41.564" classname="cucumber.api.testng.AbstractTestNGCucumberTests"/>
  <testcase name="feature" time="43.278" classname="cucumber.api.testng.AbstractTestNGCucumberTests"/>
  <testcase name="feature" time="12.27" classname="cucumber.api.testng.AbstractTestNGCucumberTests"/>
  <testcase name="feature" time="9.462" classname="cucumber.api.testng.AbstractTestNGCucumberTests"/>
</testsuite> <!-- GrandAmerica_nz(failed) -->
