<?xml version="1.0" encoding="UTF-8"?>
<!-- Generated by org.testng.reporters.JUnitXMLReporter -->
<testsuite hostname="UKLF3GWKC2" ignored="0" name="TrekAmerica_nz(failed)" tests="5" failures="0" timestamp="30 Apr 2019 09:41:23 GMT" time="149.014" errors="0">
  <testcase name="feature" time="8.56" classname="cucumber.api.testng.AbstractTestNGCucumberTests"/>
  <testcase name="feature" time="35.661" classname="cucumber.api.testng.AbstractTestNGCucumberTests"/>
  <testcase name="feature" time="43.931" classname="cucumber.api.testng.AbstractTestNGCucumberTests"/>
  <testcase name="feature" time="12.349" classname="cucumber.api.testng.AbstractTestNGCucumberTests"/>
  <testcase name="feature" time="9.931" classname="cucumber.api.testng.AbstractTestNGCucumberTests"/>
</testsuite> <!-- TrekAmerica_nz(failed) -->
