<?xml version="1.0" encoding="UTF-8"?>
<testng-results skipped="0" failed="6" ignored="0" total="28" passed="22">
  <reporter-output>
  </reporter-output>
  <suite name="Test Suite" duration-ms="1453263" started-at="2019-07-22T12:50:49Z" finished-at="2019-07-22T13:15:03Z">
    <groups>
      <group name="cucumber">
        <method signature="AbstractTestNGCucumberTests.feature(cucumber.api.testng.CucumberFeatureWrapper)[pri:0, instance:cucumberOptions.TestRunner@13805618]" name="feature" class="cucumber.api.testng.AbstractTestNGCucumberTests"/>
        <method signature="AbstractTestNGCucumberTests.feature(cucumber.api.testng.CucumberFeatureWrapper)[pri:0, instance:cucumberOptions.TestRunner@5ce81285]" name="feature" class="cucumber.api.testng.AbstractTestNGCucumberTests"/>
        <method signature="AbstractTestNGCucumberTests.feature(cucumber.api.testng.CucumberFeatureWrapper)[pri:0, instance:cucumberOptions.TestRunner@20398b7c]" name="feature" class="cucumber.api.testng.AbstractTestNGCucumberTests"/>
        <method signature="AbstractTestNGCucumberTests.feature(cucumber.api.testng.CucumberFeatureWrapper)[pri:0, instance:cucumberOptions.TestRunner@6d7b4f4c]" name="feature" class="cucumber.api.testng.AbstractTestNGCucumberTests"/>
        <method signature="AbstractTestNGCucumberTests.feature(cucumber.api.testng.CucumberFeatureWrapper)[pri:0, instance:cucumberOptions.TestRunner@6b09bb57]" name="feature" class="cucumber.api.testng.AbstractTestNGCucumberTests"/>
        <method signature="AbstractTestNGCucumberTests.feature(cucumber.api.testng.CucumberFeatureWrapper)[pri:0, instance:cucumberOptions.TestRunner@185d8b6]" name="feature" class="cucumber.api.testng.AbstractTestNGCucumberTests"/>
        <method signature="AbstractTestNGCucumberTests.feature(cucumber.api.testng.CucumberFeatureWrapper)[pri:0, instance:cucumberOptions.TestRunner@57536d79]" name="feature" class="cucumber.api.testng.AbstractTestNGCucumberTests"/>
        <method signature="AbstractTestNGCucumberTests.feature(cucumber.api.testng.CucumberFeatureWrapper)[pri:0, instance:cucumberOptions.TestRunner@7d907bac]" name="feature" class="cucumber.api.testng.AbstractTestNGCucumberTests"/>
        <method signature="AbstractTestNGCucumberTests.feature(cucumber.api.testng.CucumberFeatureWrapper)[pri:0, instance:cucumberOptions.TestRunner@65e2dbf3]" name="feature" class="cucumber.api.testng.AbstractTestNGCucumberTests"/>
        <method signature="AbstractTestNGCucumberTests.feature(cucumber.api.testng.CucumberFeatureWrapper)[pri:0, instance:cucumberOptions.TestRunner@6e0e048a]" name="feature" class="cucumber.api.testng.AbstractTestNGCucumberTests"/>
        <method signature="AbstractTestNGCucumberTests.feature(cucumber.api.testng.CucumberFeatureWrapper)[pri:0, instance:cucumberOptions.TestRunner@43814d18]" name="feature" class="cucumber.api.testng.AbstractTestNGCucumberTests"/>
        <method signature="AbstractTestNGCucumberTests.feature(cucumber.api.testng.CucumberFeatureWrapper)[pri:0, instance:cucumberOptions.TestRunner@578486a3]" name="feature" class="cucumber.api.testng.AbstractTestNGCucumberTests"/>
        <method signature="AbstractTestNGCucumberTests.feature(cucumber.api.testng.CucumberFeatureWrapper)[pri:0, instance:cucumberOptions.TestRunner@3cef309d]" name="feature" class="cucumber.api.testng.AbstractTestNGCucumberTests"/>
        <method signature="AbstractTestNGCucumberTests.feature(cucumber.api.testng.CucumberFeatureWrapper)[pri:0, instance:cucumberOptions.TestRunner@6321e813]" name="feature" class="cucumber.api.testng.AbstractTestNGCucumberTests"/>
        <method signature="AbstractTestNGCucumberTests.feature(cucumber.api.testng.CucumberFeatureWrapper)[pri:0, instance:cucumberOptions.TestRunner@1efed156]" name="feature" class="cucumber.api.testng.AbstractTestNGCucumberTests"/>
        <method signature="AbstractTestNGCucumberTests.feature(cucumber.api.testng.CucumberFeatureWrapper)[pri:0, instance:cucumberOptions.TestRunner@7c29daf3]" name="feature" class="cucumber.api.testng.AbstractTestNGCucumberTests"/>
        <method signature="AbstractTestNGCucumberTests.feature(cucumber.api.testng.CucumberFeatureWrapper)[pri:0, instance:cucumberOptions.TestRunner@2a17b7b6]" name="feature" class="cucumber.api.testng.AbstractTestNGCucumberTests"/>
        <method signature="AbstractTestNGCucumberTests.feature(cucumber.api.testng.CucumberFeatureWrapper)[pri:0, instance:cucumberOptions.TestRunner@1c3a4799]" name="feature" class="cucumber.api.testng.AbstractTestNGCucumberTests"/>
        <method signature="AbstractTestNGCucumberTests.feature(cucumber.api.testng.CucumberFeatureWrapper)[pri:0, instance:cucumberOptions.TestRunner@51cdd8a]" name="feature" class="cucumber.api.testng.AbstractTestNGCucumberTests"/>
        <method signature="AbstractTestNGCucumberTests.feature(cucumber.api.testng.CucumberFeatureWrapper)[pri:0, instance:cucumberOptions.TestRunner@48503868]" name="feature" class="cucumber.api.testng.AbstractTestNGCucumberTests"/>
        <method signature="AbstractTestNGCucumberTests.feature(cucumber.api.testng.CucumberFeatureWrapper)[pri:0, instance:cucumberOptions.TestRunner@394e1a0f]" name="feature" class="cucumber.api.testng.AbstractTestNGCucumberTests"/>
        <method signature="AbstractTestNGCucumberTests.feature(cucumber.api.testng.CucumberFeatureWrapper)[pri:0, instance:cucumberOptions.TestRunner@53f65459]" name="feature" class="cucumber.api.testng.AbstractTestNGCucumberTests"/>
        <method signature="AbstractTestNGCucumberTests.feature(cucumber.api.testng.CucumberFeatureWrapper)[pri:0, instance:cucumberOptions.TestRunner@17579e0f]" name="feature" class="cucumber.api.testng.AbstractTestNGCucumberTests"/>
        <method signature="AbstractTestNGCucumberTests.feature(cucumber.api.testng.CucumberFeatureWrapper)[pri:0, instance:cucumberOptions.TestRunner@1b68ddbd]" name="feature" class="cucumber.api.testng.AbstractTestNGCucumberTests"/>
        <method signature="AbstractTestNGCucumberTests.feature(cucumber.api.testng.CucumberFeatureWrapper)[pri:0, instance:cucumberOptions.TestRunner@704a52ec]" name="feature" class="cucumber.api.testng.AbstractTestNGCucumberTests"/>
        <method signature="AbstractTestNGCucumberTests.feature(cucumber.api.testng.CucumberFeatureWrapper)[pri:0, instance:cucumberOptions.TestRunner@305fd85d]" name="feature" class="cucumber.api.testng.AbstractTestNGCucumberTests"/>
        <method signature="AbstractTestNGCucumberTests.feature(cucumber.api.testng.CucumberFeatureWrapper)[pri:0, instance:cucumberOptions.TestRunner@ea1a8d5]" name="feature" class="cucumber.api.testng.AbstractTestNGCucumberTests"/>
        <method signature="AbstractTestNGCucumberTests.feature(cucumber.api.testng.CucumberFeatureWrapper)[pri:0, instance:cucumberOptions.TestRunner@7a765367]" name="feature" class="cucumber.api.testng.AbstractTestNGCucumberTests"/>
      </group> <!-- cucumber -->
    </groups>
    <test name="Contiki_au" duration-ms="53165" started-at="2019-07-22T12:50:49Z" finished-at="2019-07-22T12:51:43Z">
      <class name="cucumberOptions.TestRunner">
        <test-method status="PASS" signature="Test(java.lang.String)[pri:0, instance:cucumberOptions.TestRunner@13805618]" name="Test" is-config="true" duration-ms="38021" started-at="2019-07-22T12:50:49Z" finished-at="2019-07-22T12:51:27Z">
          <params>
            <param index="0">
              <value>
                <![CDATA[Contiki_au]]>
              </value>
            </param>
          </params>
          <reporter-output>
          </reporter-output>
        </test-method> <!-- Test -->
        <test-method status="PASS" signature="setUpClass()[pri:0, instance:cucumberOptions.TestRunner@13805618]" name="setUpClass" is-config="true" duration-ms="196" started-at="2019-07-22T12:51:27Z" finished-at="2019-07-22T12:51:28Z">
          <reporter-output>
          </reporter-output>
        </test-method> <!-- setUpClass -->
        <test-method status="PASS" signature="feature(cucumber.api.testng.CucumberFeatureWrapper)[pri:0, instance:cucumberOptions.TestRunner@13805618]" name="feature" duration-ms="14290" started-at="2019-07-22T12:51:28Z" description="Runs Cucumber Feature" data-provider="features" finished-at="2019-07-22T12:51:42Z">
          <params>
            <param index="0">
              <value>
                <![CDATA[Verify Email Us functionality]]>
              </value>
            </param>
          </params>
          <reporter-output>
          </reporter-output>
        </test-method> <!-- feature -->
        <test-method status="PASS" signature="tearDownClass()[pri:0, instance:cucumberOptions.TestRunner@13805618]" name="tearDownClass" is-config="true" duration-ms="14" started-at="2019-07-22T12:51:42Z" finished-at="2019-07-22T12:51:42Z">
          <reporter-output>
          </reporter-output>
        </test-method> <!-- tearDownClass -->
        <test-method status="PASS" signature="tearDown()[pri:0, instance:cucumberOptions.TestRunner@13805618]" name="tearDown" is-config="true" duration-ms="563" started-at="2019-07-22T12:51:42Z" finished-at="2019-07-22T12:51:43Z">
          <reporter-output>
          </reporter-output>
        </test-method> <!-- tearDown -->
      </class> <!-- cucumberOptions.TestRunner -->
    </test> <!-- Contiki_au -->
    <test name="Contiki_nz" duration-ms="53738" started-at="2019-07-22T12:51:43Z" finished-at="2019-07-22T12:52:36Z">
      <class name="cucumberOptions.TestRunner">
        <test-method status="PASS" signature="Test(java.lang.String)[pri:0, instance:cucumberOptions.TestRunner@5ce81285]" name="Test" is-config="true" duration-ms="39093" started-at="2019-07-22T12:51:43Z" finished-at="2019-07-22T12:52:22Z">
          <params>
            <param index="0">
              <value>
                <![CDATA[Contiki_nz]]>
              </value>
            </param>
          </params>
          <reporter-output>
          </reporter-output>
        </test-method> <!-- Test -->
        <test-method status="PASS" signature="setUpClass()[pri:0, instance:cucumberOptions.TestRunner@5ce81285]" name="setUpClass" is-config="true" duration-ms="17" started-at="2019-07-22T12:52:22Z" finished-at="2019-07-22T12:52:22Z">
          <reporter-output>
          </reporter-output>
        </test-method> <!-- setUpClass -->
        <test-method status="PASS" signature="feature(cucumber.api.testng.CucumberFeatureWrapper)[pri:0, instance:cucumberOptions.TestRunner@5ce81285]" name="feature" duration-ms="14049" started-at="2019-07-22T12:52:22Z" description="Runs Cucumber Feature" data-provider="features" finished-at="2019-07-22T12:52:36Z">
          <params>
            <param index="0">
              <value>
                <![CDATA[Verify Email Us functionality]]>
              </value>
            </param>
          </params>
          <reporter-output>
          </reporter-output>
        </test-method> <!-- feature -->
        <test-method status="PASS" signature="tearDownClass()[pri:0, instance:cucumberOptions.TestRunner@5ce81285]" name="tearDownClass" is-config="true" duration-ms="8" started-at="2019-07-22T12:52:36Z" finished-at="2019-07-22T12:52:36Z">
          <reporter-output>
          </reporter-output>
        </test-method> <!-- tearDownClass -->
        <test-method status="PASS" signature="tearDown()[pri:0, instance:cucumberOptions.TestRunner@5ce81285]" name="tearDown" is-config="true" duration-ms="566" started-at="2019-07-22T12:52:36Z" finished-at="2019-07-22T12:52:36Z">
          <reporter-output>
          </reporter-output>
        </test-method> <!-- tearDown -->
      </class> <!-- cucumberOptions.TestRunner -->
    </test> <!-- Contiki_nz -->
    <test name="Contiki_uk" duration-ms="49677" started-at="2019-07-22T12:52:36Z" finished-at="2019-07-22T12:53:26Z">
      <class name="cucumberOptions.TestRunner">
        <test-method status="PASS" signature="Test(java.lang.String)[pri:0, instance:cucumberOptions.TestRunner@20398b7c]" name="Test" is-config="true" duration-ms="34921" started-at="2019-07-22T12:52:36Z" finished-at="2019-07-22T12:53:11Z">
          <params>
            <param index="0">
              <value>
                <![CDATA[Contiki_uk]]>
              </value>
            </param>
          </params>
          <reporter-output>
          </reporter-output>
        </test-method> <!-- Test -->
        <test-method status="PASS" signature="setUpClass()[pri:0, instance:cucumberOptions.TestRunner@20398b7c]" name="setUpClass" is-config="true" duration-ms="32" started-at="2019-07-22T12:53:11Z" finished-at="2019-07-22T12:53:11Z">
          <reporter-output>
          </reporter-output>
        </test-method> <!-- setUpClass -->
        <test-method status="PASS" signature="feature(cucumber.api.testng.CucumberFeatureWrapper)[pri:0, instance:cucumberOptions.TestRunner@20398b7c]" name="feature" duration-ms="14145" started-at="2019-07-22T12:53:11Z" description="Runs Cucumber Feature" data-provider="features" finished-at="2019-07-22T12:53:25Z">
          <params>
            <param index="0">
              <value>
                <![CDATA[Verify Email Us functionality]]>
              </value>
            </param>
          </params>
          <reporter-output>
          </reporter-output>
        </test-method> <!-- feature -->
        <test-method status="PASS" signature="tearDownClass()[pri:0, instance:cucumberOptions.TestRunner@20398b7c]" name="tearDownClass" is-config="true" duration-ms="8" started-at="2019-07-22T12:53:25Z" finished-at="2019-07-22T12:53:26Z">
          <reporter-output>
          </reporter-output>
        </test-method> <!-- tearDownClass -->
        <test-method status="PASS" signature="tearDown()[pri:0, instance:cucumberOptions.TestRunner@20398b7c]" name="tearDown" is-config="true" duration-ms="566" started-at="2019-07-22T12:53:26Z" finished-at="2019-07-22T12:53:26Z">
          <reporter-output>
          </reporter-output>
        </test-method> <!-- tearDown -->
      </class> <!-- cucumberOptions.TestRunner -->
    </test> <!-- Contiki_uk -->
    <test name="Contiki_us" duration-ms="49699" started-at="2019-07-22T12:53:26Z" finished-at="2019-07-22T12:54:16Z">
      <class name="cucumberOptions.TestRunner">
        <test-method status="PASS" signature="Test(java.lang.String)[pri:0, instance:cucumberOptions.TestRunner@6d7b4f4c]" name="Test" is-config="true" duration-ms="35004" started-at="2019-07-22T12:53:26Z" finished-at="2019-07-22T12:54:01Z">
          <params>
            <param index="0">
              <value>
                <![CDATA[Contiki_us]]>
              </value>
            </param>
          </params>
          <reporter-output>
          </reporter-output>
        </test-method> <!-- Test -->
        <test-method status="PASS" signature="setUpClass()[pri:0, instance:cucumberOptions.TestRunner@6d7b4f4c]" name="setUpClass" is-config="true" duration-ms="23" started-at="2019-07-22T12:54:01Z" finished-at="2019-07-22T12:54:01Z">
          <reporter-output>
          </reporter-output>
        </test-method> <!-- setUpClass -->
        <test-method status="PASS" signature="feature(cucumber.api.testng.CucumberFeatureWrapper)[pri:0, instance:cucumberOptions.TestRunner@6d7b4f4c]" name="feature" duration-ms="14079" started-at="2019-07-22T12:54:01Z" description="Runs Cucumber Feature" data-provider="features" finished-at="2019-07-22T12:54:15Z">
          <params>
            <param index="0">
              <value>
                <![CDATA[Verify Email Us functionality]]>
              </value>
            </param>
          </params>
          <reporter-output>
          </reporter-output>
        </test-method> <!-- feature -->
        <test-method status="PASS" signature="tearDownClass()[pri:0, instance:cucumberOptions.TestRunner@6d7b4f4c]" name="tearDownClass" is-config="true" duration-ms="6" started-at="2019-07-22T12:54:15Z" finished-at="2019-07-22T12:54:15Z">
          <reporter-output>
          </reporter-output>
        </test-method> <!-- tearDownClass -->
        <test-method status="PASS" signature="tearDown()[pri:0, instance:cucumberOptions.TestRunner@6d7b4f4c]" name="tearDown" is-config="true" duration-ms="581" started-at="2019-07-22T12:54:15Z" finished-at="2019-07-22T12:54:16Z">
          <reporter-output>
          </reporter-output>
        </test-method> <!-- tearDown -->
      </class> <!-- cucumberOptions.TestRunner -->
    </test> <!-- Contiki_us -->
    <test name="GAdventures_au" duration-ms="52957" started-at="2019-07-22T12:54:16Z" finished-at="2019-07-22T12:55:09Z">
      <class name="cucumberOptions.TestRunner">
        <test-method status="PASS" signature="Test(java.lang.String)[pri:0, instance:cucumberOptions.TestRunner@6b09bb57]" name="Test" is-config="true" duration-ms="38204" started-at="2019-07-22T12:54:16Z" finished-at="2019-07-22T12:54:54Z">
          <params>
            <param index="0">
              <value>
                <![CDATA[GAdventures_au]]>
              </value>
            </param>
          </params>
          <reporter-output>
          </reporter-output>
        </test-method> <!-- Test -->
        <test-method status="PASS" signature="setUpClass()[pri:0, instance:cucumberOptions.TestRunner@6b09bb57]" name="setUpClass" is-config="true" duration-ms="19" started-at="2019-07-22T12:54:54Z" finished-at="2019-07-22T12:54:54Z">
          <reporter-output>
          </reporter-output>
        </test-method> <!-- setUpClass -->
        <test-method status="PASS" signature="feature(cucumber.api.testng.CucumberFeatureWrapper)[pri:0, instance:cucumberOptions.TestRunner@6b09bb57]" name="feature" duration-ms="14146" started-at="2019-07-22T12:54:54Z" description="Runs Cucumber Feature" data-provider="features" finished-at="2019-07-22T12:55:08Z">
          <params>
            <param index="0">
              <value>
                <![CDATA[Verify Email Us functionality]]>
              </value>
            </param>
          </params>
          <reporter-output>
          </reporter-output>
        </test-method> <!-- feature -->
        <test-method status="PASS" signature="tearDownClass()[pri:0, instance:cucumberOptions.TestRunner@6b09bb57]" name="tearDownClass" is-config="true" duration-ms="11" started-at="2019-07-22T12:55:08Z" finished-at="2019-07-22T12:55:08Z">
          <reporter-output>
          </reporter-output>
        </test-method> <!-- tearDownClass -->
        <test-method status="PASS" signature="tearDown()[pri:0, instance:cucumberOptions.TestRunner@6b09bb57]" name="tearDown" is-config="true" duration-ms="573" started-at="2019-07-22T12:55:08Z" finished-at="2019-07-22T12:55:09Z">
          <reporter-output>
          </reporter-output>
        </test-method> <!-- tearDown -->
      </class> <!-- cucumberOptions.TestRunner -->
    </test> <!-- GAdventures_au -->
    <test name="GAdventures_nz" duration-ms="52675" started-at="2019-07-22T12:55:09Z" finished-at="2019-07-22T12:56:02Z">
      <class name="cucumberOptions.TestRunner">
        <test-method status="PASS" signature="Test(java.lang.String)[pri:0, instance:cucumberOptions.TestRunner@185d8b6]" name="Test" is-config="true" duration-ms="37249" started-at="2019-07-22T12:55:09Z" finished-at="2019-07-22T12:55:46Z">
          <params>
            <param index="0">
              <value>
                <![CDATA[GAdventures_nz]]>
              </value>
            </param>
          </params>
          <reporter-output>
          </reporter-output>
        </test-method> <!-- Test -->
        <test-method status="PASS" signature="setUpClass()[pri:0, instance:cucumberOptions.TestRunner@185d8b6]" name="setUpClass" is-config="true" duration-ms="10" started-at="2019-07-22T12:55:46Z" finished-at="2019-07-22T12:55:46Z">
          <reporter-output>
          </reporter-output>
        </test-method> <!-- setUpClass -->
        <test-method status="PASS" signature="feature(cucumber.api.testng.CucumberFeatureWrapper)[pri:0, instance:cucumberOptions.TestRunner@185d8b6]" name="feature" duration-ms="14818" started-at="2019-07-22T12:55:46Z" description="Runs Cucumber Feature" data-provider="features" finished-at="2019-07-22T12:56:01Z">
          <params>
            <param index="0">
              <value>
                <![CDATA[Verify Email Us functionality]]>
              </value>
            </param>
          </params>
          <reporter-output>
          </reporter-output>
        </test-method> <!-- feature -->
        <test-method status="PASS" signature="tearDownClass()[pri:0, instance:cucumberOptions.TestRunner@185d8b6]" name="tearDownClass" is-config="true" duration-ms="14" started-at="2019-07-22T12:56:01Z" finished-at="2019-07-22T12:56:01Z">
          <reporter-output>
          </reporter-output>
        </test-method> <!-- tearDownClass -->
        <test-method status="PASS" signature="tearDown()[pri:0, instance:cucumberOptions.TestRunner@185d8b6]" name="tearDown" is-config="true" duration-ms="582" started-at="2019-07-22T12:56:01Z" finished-at="2019-07-22T12:56:02Z">
          <reporter-output>
          </reporter-output>
        </test-method> <!-- tearDown -->
      </class> <!-- cucumberOptions.TestRunner -->
    </test> <!-- GAdventures_nz -->
    <test name="GAdventures_uk" duration-ms="49753" started-at="2019-07-22T12:56:02Z" finished-at="2019-07-22T12:56:51Z">
      <class name="cucumberOptions.TestRunner">
        <test-method status="PASS" signature="Test(java.lang.String)[pri:0, instance:cucumberOptions.TestRunner@57536d79]" name="Test" is-config="true" duration-ms="35009" started-at="2019-07-22T12:56:02Z" finished-at="2019-07-22T12:56:37Z">
          <params>
            <param index="0">
              <value>
                <![CDATA[GAdventures_uk]]>
              </value>
            </param>
          </params>
          <reporter-output>
          </reporter-output>
        </test-method> <!-- Test -->
        <test-method status="PASS" signature="setUpClass()[pri:0, instance:cucumberOptions.TestRunner@57536d79]" name="setUpClass" is-config="true" duration-ms="10" started-at="2019-07-22T12:56:37Z" finished-at="2019-07-22T12:56:37Z">
          <reporter-output>
          </reporter-output>
        </test-method> <!-- setUpClass -->
        <test-method status="PASS" signature="feature(cucumber.api.testng.CucumberFeatureWrapper)[pri:0, instance:cucumberOptions.TestRunner@57536d79]" name="feature" duration-ms="14133" started-at="2019-07-22T12:56:37Z" description="Runs Cucumber Feature" data-provider="features" finished-at="2019-07-22T12:56:51Z">
          <params>
            <param index="0">
              <value>
                <![CDATA[Verify Email Us functionality]]>
              </value>
            </param>
          </params>
          <reporter-output>
          </reporter-output>
        </test-method> <!-- feature -->
        <test-method status="PASS" signature="tearDownClass()[pri:0, instance:cucumberOptions.TestRunner@57536d79]" name="tearDownClass" is-config="true" duration-ms="9" started-at="2019-07-22T12:56:51Z" finished-at="2019-07-22T12:56:51Z">
          <reporter-output>
          </reporter-output>
        </test-method> <!-- tearDownClass -->
        <test-method status="PASS" signature="tearDown()[pri:0, instance:cucumberOptions.TestRunner@57536d79]" name="tearDown" is-config="true" duration-ms="589" started-at="2019-07-22T12:56:51Z" finished-at="2019-07-22T12:56:51Z">
          <reporter-output>
          </reporter-output>
        </test-method> <!-- tearDown -->
      </class> <!-- cucumberOptions.TestRunner -->
    </test> <!-- GAdventures_uk -->
    <test name="GAdventures_us" duration-ms="50113" started-at="2019-07-22T12:56:51Z" finished-at="2019-07-22T12:57:41Z">
      <class name="cucumberOptions.TestRunner">
        <test-method status="PASS" signature="Test(java.lang.String)[pri:0, instance:cucumberOptions.TestRunner@7d907bac]" name="Test" is-config="true" duration-ms="35200" started-at="2019-07-22T12:56:51Z" finished-at="2019-07-22T12:57:27Z">
          <params>
            <param index="0">
              <value>
                <![CDATA[GAdventures_us]]>
              </value>
            </param>
          </params>
          <reporter-output>
          </reporter-output>
        </test-method> <!-- Test -->
        <test-method status="PASS" signature="setUpClass()[pri:0, instance:cucumberOptions.TestRunner@7d907bac]" name="setUpClass" is-config="true" duration-ms="11" started-at="2019-07-22T12:57:27Z" finished-at="2019-07-22T12:57:27Z">
          <reporter-output>
          </reporter-output>
        </test-method> <!-- setUpClass -->
        <test-method status="PASS" signature="feature(cucumber.api.testng.CucumberFeatureWrapper)[pri:0, instance:cucumberOptions.TestRunner@7d907bac]" name="feature" duration-ms="14268" started-at="2019-07-22T12:57:27Z" description="Runs Cucumber Feature" data-provider="features" finished-at="2019-07-22T12:57:41Z">
          <params>
            <param index="0">
              <value>
                <![CDATA[Verify Email Us functionality]]>
              </value>
            </param>
          </params>
          <reporter-output>
          </reporter-output>
        </test-method> <!-- feature -->
        <test-method status="PASS" signature="tearDownClass()[pri:0, instance:cucumberOptions.TestRunner@7d907bac]" name="tearDownClass" is-config="true" duration-ms="7" started-at="2019-07-22T12:57:41Z" finished-at="2019-07-22T12:57:41Z">
          <reporter-output>
          </reporter-output>
        </test-method> <!-- tearDownClass -->
        <test-method status="PASS" signature="tearDown()[pri:0, instance:cucumberOptions.TestRunner@7d907bac]" name="tearDown" is-config="true" duration-ms="603" started-at="2019-07-22T12:57:41Z" finished-at="2019-07-22T12:57:41Z">
          <reporter-output>
          </reporter-output>
        </test-method> <!-- tearDown -->
      </class> <!-- cucumberOptions.TestRunner -->
    </test> <!-- GAdventures_us -->
    <test name="Dragoman_au" duration-ms="54687" started-at="2019-07-22T12:57:42Z" finished-at="2019-07-22T12:58:36Z">
      <class name="cucumberOptions.TestRunner">
        <test-method status="PASS" signature="Test(java.lang.String)[pri:0, instance:cucumberOptions.TestRunner@65e2dbf3]" name="Test" is-config="true" duration-ms="38485" started-at="2019-07-22T12:57:42Z" finished-at="2019-07-22T12:58:20Z">
          <params>
            <param index="0">
              <value>
                <![CDATA[Dragoman_au]]>
              </value>
            </param>
          </params>
          <reporter-output>
          </reporter-output>
        </test-method> <!-- Test -->
        <test-method status="PASS" signature="setUpClass()[pri:0, instance:cucumberOptions.TestRunner@65e2dbf3]" name="setUpClass" is-config="true" duration-ms="12" started-at="2019-07-22T12:58:20Z" finished-at="2019-07-22T12:58:20Z">
          <reporter-output>
          </reporter-output>
        </test-method> <!-- setUpClass -->
        <test-method status="PASS" signature="feature(cucumber.api.testng.CucumberFeatureWrapper)[pri:0, instance:cucumberOptions.TestRunner@65e2dbf3]" name="feature" duration-ms="15570" started-at="2019-07-22T12:58:20Z" description="Runs Cucumber Feature" data-provider="features" finished-at="2019-07-22T12:58:36Z">
          <params>
            <param index="0">
              <value>
                <![CDATA[Verify Email Us functionality]]>
              </value>
            </param>
          </params>
          <reporter-output>
          </reporter-output>
        </test-method> <!-- feature -->
        <test-method status="PASS" signature="tearDownClass()[pri:0, instance:cucumberOptions.TestRunner@65e2dbf3]" name="tearDownClass" is-config="true" duration-ms="25" started-at="2019-07-22T12:58:36Z" finished-at="2019-07-22T12:58:36Z">
          <reporter-output>
          </reporter-output>
        </test-method> <!-- tearDownClass -->
        <test-method status="PASS" signature="tearDown()[pri:0, instance:cucumberOptions.TestRunner@65e2dbf3]" name="tearDown" is-config="true" duration-ms="592" started-at="2019-07-22T12:58:36Z" finished-at="2019-07-22T12:58:36Z">
          <reporter-output>
          </reporter-output>
        </test-method> <!-- tearDown -->
      </class> <!-- cucumberOptions.TestRunner -->
    </test> <!-- Dragoman_au -->
    <test name="Dragoman_nz" duration-ms="52583" started-at="2019-07-22T12:58:36Z" finished-at="2019-07-22T12:59:29Z">
      <class name="cucumberOptions.TestRunner">
        <test-method status="PASS" signature="Test(java.lang.String)[pri:0, instance:cucumberOptions.TestRunner@6e0e048a]" name="Test" is-config="true" duration-ms="37486" started-at="2019-07-22T12:58:36Z" finished-at="2019-07-22T12:59:14Z">
          <params>
            <param index="0">
              <value>
                <![CDATA[Dragoman_nz]]>
              </value>
            </param>
          </params>
          <reporter-output>
          </reporter-output>
        </test-method> <!-- Test -->
        <test-method status="PASS" signature="setUpClass()[pri:0, instance:cucumberOptions.TestRunner@6e0e048a]" name="setUpClass" is-config="true" duration-ms="7" started-at="2019-07-22T12:59:14Z" finished-at="2019-07-22T12:59:14Z">
          <reporter-output>
          </reporter-output>
        </test-method> <!-- setUpClass -->
        <test-method status="PASS" signature="feature(cucumber.api.testng.CucumberFeatureWrapper)[pri:0, instance:cucumberOptions.TestRunner@6e0e048a]" name="feature" duration-ms="14505" started-at="2019-07-22T12:59:14Z" description="Runs Cucumber Feature" data-provider="features" finished-at="2019-07-22T12:59:28Z">
          <params>
            <param index="0">
              <value>
                <![CDATA[Verify Email Us functionality]]>
              </value>
            </param>
          </params>
          <reporter-output>
          </reporter-output>
        </test-method> <!-- feature -->
        <test-method status="PASS" signature="tearDownClass()[pri:0, instance:cucumberOptions.TestRunner@6e0e048a]" name="tearDownClass" is-config="true" duration-ms="9" started-at="2019-07-22T12:59:28Z" finished-at="2019-07-22T12:59:28Z">
          <reporter-output>
          </reporter-output>
        </test-method> <!-- tearDownClass -->
        <test-method status="PASS" signature="tearDown()[pri:0, instance:cucumberOptions.TestRunner@6e0e048a]" name="tearDown" is-config="true" duration-ms="574" started-at="2019-07-22T12:59:28Z" finished-at="2019-07-22T12:59:29Z">
          <reporter-output>
          </reporter-output>
        </test-method> <!-- tearDown -->
      </class> <!-- cucumberOptions.TestRunner -->
    </test> <!-- Dragoman_nz -->
    <test name="Dragoman_uk" duration-ms="49793" started-at="2019-07-22T12:59:29Z" finished-at="2019-07-22T13:00:19Z">
      <class name="cucumberOptions.TestRunner">
        <test-method status="PASS" signature="Test(java.lang.String)[pri:0, instance:cucumberOptions.TestRunner@43814d18]" name="Test" is-config="true" duration-ms="35017" started-at="2019-07-22T12:59:29Z" finished-at="2019-07-22T13:00:04Z">
          <params>
            <param index="0">
              <value>
                <![CDATA[Dragoman_uk]]>
              </value>
            </param>
          </params>
          <reporter-output>
          </reporter-output>
        </test-method> <!-- Test -->
        <test-method status="PASS" signature="setUpClass()[pri:0, instance:cucumberOptions.TestRunner@43814d18]" name="setUpClass" is-config="true" duration-ms="13" started-at="2019-07-22T13:00:04Z" finished-at="2019-07-22T13:00:04Z">
          <reporter-output>
          </reporter-output>
        </test-method> <!-- setUpClass -->
        <test-method status="PASS" signature="feature(cucumber.api.testng.CucumberFeatureWrapper)[pri:0, instance:cucumberOptions.TestRunner@43814d18]" name="feature" duration-ms="14152" started-at="2019-07-22T13:00:04Z" description="Runs Cucumber Feature" data-provider="features" finished-at="2019-07-22T13:00:18Z">
          <params>
            <param index="0">
              <value>
                <![CDATA[Verify Email Us functionality]]>
              </value>
            </param>
          </params>
          <reporter-output>
          </reporter-output>
        </test-method> <!-- feature -->
        <test-method status="PASS" signature="tearDownClass()[pri:0, instance:cucumberOptions.TestRunner@43814d18]" name="tearDownClass" is-config="true" duration-ms="7" started-at="2019-07-22T13:00:18Z" finished-at="2019-07-22T13:00:18Z">
          <reporter-output>
          </reporter-output>
        </test-method> <!-- tearDownClass -->
        <test-method status="PASS" signature="tearDown()[pri:0, instance:cucumberOptions.TestRunner@43814d18]" name="tearDown" is-config="true" duration-ms="589" started-at="2019-07-22T13:00:18Z" finished-at="2019-07-22T13:00:19Z">
          <reporter-output>
          </reporter-output>
        </test-method> <!-- tearDown -->
      </class> <!-- cucumberOptions.TestRunner -->
    </test> <!-- Dragoman_uk -->
    <test name="Dragoman_us" duration-ms="55043" started-at="2019-07-22T13:00:19Z" finished-at="2019-07-22T13:01:14Z">
      <class name="cucumberOptions.TestRunner">
        <test-method status="PASS" signature="Test(java.lang.String)[pri:0, instance:cucumberOptions.TestRunner@578486a3]" name="Test" is-config="true" duration-ms="40322" started-at="2019-07-22T13:00:19Z" finished-at="2019-07-22T13:00:59Z">
          <params>
            <param index="0">
              <value>
                <![CDATA[Dragoman_us]]>
              </value>
            </param>
          </params>
          <reporter-output>
          </reporter-output>
        </test-method> <!-- Test -->
        <test-method status="PASS" signature="setUpClass()[pri:0, instance:cucumberOptions.TestRunner@578486a3]" name="setUpClass" is-config="true" duration-ms="16" started-at="2019-07-22T13:00:59Z" finished-at="2019-07-22T13:00:59Z">
          <reporter-output>
          </reporter-output>
        </test-method> <!-- setUpClass -->
        <test-method status="PASS" signature="feature(cucumber.api.testng.CucumberFeatureWrapper)[pri:0, instance:cucumberOptions.TestRunner@578486a3]" name="feature" duration-ms="14095" started-at="2019-07-22T13:00:59Z" description="Runs Cucumber Feature" data-provider="features" finished-at="2019-07-22T13:01:13Z">
          <params>
            <param index="0">
              <value>
                <![CDATA[Verify Email Us functionality]]>
              </value>
            </param>
          </params>
          <reporter-output>
          </reporter-output>
        </test-method> <!-- feature -->
        <test-method status="PASS" signature="tearDownClass()[pri:0, instance:cucumberOptions.TestRunner@578486a3]" name="tearDownClass" is-config="true" duration-ms="9" started-at="2019-07-22T13:01:13Z" finished-at="2019-07-22T13:01:13Z">
          <reporter-output>
          </reporter-output>
        </test-method> <!-- tearDownClass -->
        <test-method status="PASS" signature="tearDown()[pri:0, instance:cucumberOptions.TestRunner@578486a3]" name="tearDown" is-config="true" duration-ms="597" started-at="2019-07-22T13:01:13Z" finished-at="2019-07-22T13:01:14Z">
          <reporter-output>
          </reporter-output>
        </test-method> <!-- tearDown -->
      </class> <!-- cucumberOptions.TestRunner -->
    </test> <!-- Dragoman_us -->
    <test name="1Source_au" duration-ms="52684" started-at="2019-07-22T13:01:14Z" finished-at="2019-07-22T13:02:06Z">
      <class name="cucumberOptions.TestRunner">
        <test-method status="PASS" signature="Test(java.lang.String)[pri:0, instance:cucumberOptions.TestRunner@3cef309d]" name="Test" is-config="true" duration-ms="38017" started-at="2019-07-22T13:01:14Z" finished-at="2019-07-22T13:01:52Z">
          <params>
            <param index="0">
              <value>
                <![CDATA[1Source_au]]>
              </value>
            </param>
          </params>
          <reporter-output>
          </reporter-output>
        </test-method> <!-- Test -->
        <test-method status="PASS" signature="setUpClass()[pri:0, instance:cucumberOptions.TestRunner@3cef309d]" name="setUpClass" is-config="true" duration-ms="9" started-at="2019-07-22T13:01:52Z" finished-at="2019-07-22T13:01:52Z">
          <reporter-output>
          </reporter-output>
        </test-method> <!-- setUpClass -->
        <test-method status="PASS" signature="feature(cucumber.api.testng.CucumberFeatureWrapper)[pri:0, instance:cucumberOptions.TestRunner@3cef309d]" name="feature" duration-ms="14047" started-at="2019-07-22T13:01:52Z" description="Runs Cucumber Feature" data-provider="features" finished-at="2019-07-22T13:02:06Z">
          <params>
            <param index="0">
              <value>
                <![CDATA[Verify Email Us functionality]]>
              </value>
            </param>
          </params>
          <reporter-output>
          </reporter-output>
        </test-method> <!-- feature -->
        <test-method status="PASS" signature="tearDownClass()[pri:0, instance:cucumberOptions.TestRunner@3cef309d]" name="tearDownClass" is-config="true" duration-ms="20" started-at="2019-07-22T13:02:06Z" finished-at="2019-07-22T13:02:06Z">
          <reporter-output>
          </reporter-output>
        </test-method> <!-- tearDownClass -->
        <test-method status="PASS" signature="tearDown()[pri:0, instance:cucumberOptions.TestRunner@3cef309d]" name="tearDown" is-config="true" duration-ms="589" started-at="2019-07-22T13:02:06Z" finished-at="2019-07-22T13:02:06Z">
          <reporter-output>
          </reporter-output>
        </test-method> <!-- tearDown -->
      </class> <!-- cucumberOptions.TestRunner -->
    </test> <!-- 1Source_au -->
    <test name="1Source_nz" duration-ms="51953" started-at="2019-07-22T13:02:06Z" finished-at="2019-07-22T13:02:58Z">
      <class name="cucumberOptions.TestRunner">
        <test-method status="PASS" signature="Test(java.lang.String)[pri:0, instance:cucumberOptions.TestRunner@6321e813]" name="Test" is-config="true" duration-ms="37170" started-at="2019-07-22T13:02:06Z" finished-at="2019-07-22T13:02:44Z">
          <params>
            <param index="0">
              <value>
                <![CDATA[1Source_nz]]>
              </value>
            </param>
          </params>
          <reporter-output>
          </reporter-output>
        </test-method> <!-- Test -->
        <test-method status="PASS" signature="setUpClass()[pri:0, instance:cucumberOptions.TestRunner@6321e813]" name="setUpClass" is-config="true" duration-ms="15" started-at="2019-07-22T13:02:44Z" finished-at="2019-07-22T13:02:44Z">
          <reporter-output>
          </reporter-output>
        </test-method> <!-- setUpClass -->
        <test-method status="PASS" signature="feature(cucumber.api.testng.CucumberFeatureWrapper)[pri:0, instance:cucumberOptions.TestRunner@6321e813]" name="feature" duration-ms="14123" started-at="2019-07-22T13:02:44Z" description="Runs Cucumber Feature" data-provider="features" finished-at="2019-07-22T13:02:58Z">
          <params>
            <param index="0">
              <value>
                <![CDATA[Verify Email Us functionality]]>
              </value>
            </param>
          </params>
          <reporter-output>
          </reporter-output>
        </test-method> <!-- feature -->
        <test-method status="PASS" signature="tearDownClass()[pri:0, instance:cucumberOptions.TestRunner@6321e813]" name="tearDownClass" is-config="true" duration-ms="11" started-at="2019-07-22T13:02:58Z" finished-at="2019-07-22T13:02:58Z">
          <reporter-output>
          </reporter-output>
        </test-method> <!-- tearDownClass -->
        <test-method status="PASS" signature="tearDown()[pri:0, instance:cucumberOptions.TestRunner@6321e813]" name="tearDown" is-config="true" duration-ms="631" started-at="2019-07-22T13:02:58Z" finished-at="2019-07-22T13:02:58Z">
          <reporter-output>
          </reporter-output>
        </test-method> <!-- tearDown -->
      </class> <!-- cucumberOptions.TestRunner -->
    </test> <!-- 1Source_nz -->
    <test name="1Source_uk" duration-ms="49682" started-at="2019-07-22T13:02:58Z" finished-at="2019-07-22T13:03:48Z">
      <class name="cucumberOptions.TestRunner">
        <test-method status="PASS" signature="Test(java.lang.String)[pri:0, instance:cucumberOptions.TestRunner@1efed156]" name="Test" is-config="true" duration-ms="34882" started-at="2019-07-22T13:02:58Z" finished-at="2019-07-22T13:03:33Z">
          <params>
            <param index="0">
              <value>
                <![CDATA[1Source_uk]]>
              </value>
            </param>
          </params>
          <reporter-output>
          </reporter-output>
        </test-method> <!-- Test -->
        <test-method status="PASS" signature="setUpClass()[pri:0, instance:cucumberOptions.TestRunner@1efed156]" name="setUpClass" is-config="true" duration-ms="7" started-at="2019-07-22T13:03:33Z" finished-at="2019-07-22T13:03:33Z">
          <reporter-output>
          </reporter-output>
        </test-method> <!-- setUpClass -->
        <test-method status="PASS" signature="feature(cucumber.api.testng.CucumberFeatureWrapper)[pri:0, instance:cucumberOptions.TestRunner@1efed156]" name="feature" duration-ms="14170" started-at="2019-07-22T13:03:33Z" description="Runs Cucumber Feature" data-provider="features" finished-at="2019-07-22T13:03:47Z">
          <params>
            <param index="0">
              <value>
                <![CDATA[Verify Email Us functionality]]>
              </value>
            </param>
          </params>
          <reporter-output>
          </reporter-output>
        </test-method> <!-- feature -->
        <test-method status="PASS" signature="tearDownClass()[pri:0, instance:cucumberOptions.TestRunner@1efed156]" name="tearDownClass" is-config="true" duration-ms="6" started-at="2019-07-22T13:03:47Z" finished-at="2019-07-22T13:03:47Z">
          <reporter-output>
          </reporter-output>
        </test-method> <!-- tearDownClass -->
        <test-method status="PASS" signature="tearDown()[pri:0, instance:cucumberOptions.TestRunner@1efed156]" name="tearDown" is-config="true" duration-ms="607" started-at="2019-07-22T13:03:47Z" finished-at="2019-07-22T13:03:48Z">
          <reporter-output>
          </reporter-output>
        </test-method> <!-- tearDown -->
      </class> <!-- cucumberOptions.TestRunner -->
    </test> <!-- 1Source_uk -->
    <test name="1Source_us" duration-ms="52349" started-at="2019-07-22T13:03:48Z" finished-at="2019-07-22T13:04:40Z">
      <class name="cucumberOptions.TestRunner">
        <test-method status="PASS" signature="Test(java.lang.String)[pri:0, instance:cucumberOptions.TestRunner@7c29daf3]" name="Test" is-config="true" duration-ms="37649" started-at="2019-07-22T13:03:48Z" finished-at="2019-07-22T13:04:26Z">
          <params>
            <param index="0">
              <value>
                <![CDATA[1Source_us]]>
              </value>
            </param>
          </params>
          <reporter-output>
          </reporter-output>
        </test-method> <!-- Test -->
        <test-method status="PASS" signature="setUpClass()[pri:0, instance:cucumberOptions.TestRunner@7c29daf3]" name="setUpClass" is-config="true" duration-ms="17" started-at="2019-07-22T13:04:26Z" finished-at="2019-07-22T13:04:26Z">
          <reporter-output>
          </reporter-output>
        </test-method> <!-- setUpClass -->
        <test-method status="PASS" signature="feature(cucumber.api.testng.CucumberFeatureWrapper)[pri:0, instance:cucumberOptions.TestRunner@7c29daf3]" name="feature" duration-ms="14068" started-at="2019-07-22T13:04:26Z" description="Runs Cucumber Feature" data-provider="features" finished-at="2019-07-22T13:04:40Z">
          <params>
            <param index="0">
              <value>
                <![CDATA[Verify Email Us functionality]]>
              </value>
            </param>
          </params>
          <reporter-output>
          </reporter-output>
        </test-method> <!-- feature -->
        <test-method status="PASS" signature="tearDownClass()[pri:0, instance:cucumberOptions.TestRunner@7c29daf3]" name="tearDownClass" is-config="true" duration-ms="8" started-at="2019-07-22T13:04:40Z" finished-at="2019-07-22T13:04:40Z">
          <reporter-output>
          </reporter-output>
        </test-method> <!-- tearDownClass -->
        <test-method status="PASS" signature="tearDown()[pri:0, instance:cucumberOptions.TestRunner@7c29daf3]" name="tearDown" is-config="true" duration-ms="606" started-at="2019-07-22T13:04:40Z" finished-at="2019-07-22T13:04:40Z">
          <reporter-output>
          </reporter-output>
        </test-method> <!-- tearDown -->
      </class> <!-- cucumberOptions.TestRunner -->
    </test> <!-- 1Source_us -->
    <test name="TrekAmerica_au" duration-ms="53283" started-at="2019-07-22T13:04:40Z" finished-at="2019-07-22T13:05:34Z">
      <class name="cucumberOptions.TestRunner">
        <test-method status="PASS" signature="Test(java.lang.String)[pri:0, instance:cucumberOptions.TestRunner@2a17b7b6]" name="Test" is-config="true" duration-ms="37384" started-at="2019-07-22T13:04:41Z" finished-at="2019-07-22T13:05:18Z">
          <params>
            <param index="0">
              <value>
                <![CDATA[TrekAmerica_au]]>
              </value>
            </param>
          </params>
          <reporter-output>
          </reporter-output>
        </test-method> <!-- Test -->
        <test-method status="PASS" signature="setUpClass()[pri:0, instance:cucumberOptions.TestRunner@2a17b7b6]" name="setUpClass" is-config="true" duration-ms="11" started-at="2019-07-22T13:05:18Z" finished-at="2019-07-22T13:05:18Z">
          <reporter-output>
          </reporter-output>
        </test-method> <!-- setUpClass -->
        <test-method status="FAIL" signature="feature(cucumber.api.testng.CucumberFeatureWrapper)[pri:0, instance:cucumberOptions.TestRunner@2a17b7b6]" name="feature" duration-ms="15247" started-at="2019-07-22T13:05:18Z" description="Runs Cucumber Feature" data-provider="features" finished-at="2019-07-22T13:05:33Z">
          <params>
            <param index="0">
              <value>
                <![CDATA[Verify Email Us functionality]]>
              </value>
            </param>
          </params>
          <exception class="cucumber.runtime.CucumberException">
            <message>
              <![CDATA[org.openqa.selenium.ElementNotInteractableException: element not interactable
  (Session info: headless chrome=75.0.3770.100)
  (Driver info: chromedriver=2.46.628402 (536cd7adbad73a3783fdc2cab92ab2ba7ec361e1),platform=Windows NT 10.0.16299 x86_64) (WARNING: The server did not provide any stacktrace information)
Command duration or timeout: 0 milliseconds
Build info: version: '3.141.59', revision: 'e82be7d358', time: '2018-11-14T08:17:03'
System info: host: 'UKLF3GWKC2', ip: '10.44.253.139', os.name: 'Windows 10', os.arch: 'amd64', os.version: '10.0', java.version: '1.8.0_202'
Driver info: org.openqa.selenium.chrome.ChromeDriver
Capabilities {acceptInsecureCerts: false, acceptSslCerts: false, applicationCacheEnabled: false, browserConnectionEnabled: false, browserName: chrome, chrome: {chromedriverVersion: 2.46.628402 (536cd7adbad73a..., userDataDir: C:\Users\KIRANM~1.ADA\AppDa...}, cssSelectorsEnabled: true, databaseEnabled: false, goog:chromeOptions: {debuggerAddress: localhost:54291}, handlesAlerts: true, hasTouchScreen: false, javascriptEnabled: true, locationContextEnabled: true, mobileEmulationEnabled: false, nativeEvents: true, networkConnectionEnabled: false, pageLoadStrategy: normal, platform: XP, platformName: XP, proxy: Proxy(), rotatable: false, setWindowRect: true, strictFileInteractability: false, takesHeapSnapshot: true, takesScreenshot: true, timeouts: {implicit: 0, pageLoad: 300000, script: 30000}, unexpectedAlertBehaviour: ignore, unhandledPromptBehavior: ignore, version: 75.0.3770.100, webStorageEnabled: true}
Session ID: 971182b4eb7f60dbc64a03c40891bc7b]]>
            </message>
            <full-stacktrace>
              <![CDATA[cucumber.runtime.CucumberException: org.openqa.selenium.ElementNotInteractableException: element not interactable
  (Session info: headless chrome=75.0.3770.100)
  (Driver info: chromedriver=2.46.628402 (536cd7adbad73a3783fdc2cab92ab2ba7ec361e1),platform=Windows NT 10.0.16299 x86_64) (WARNING: The server did not provide any stacktrace information)
Command duration or timeout: 0 milliseconds
Build info: version: '3.141.59', revision: 'e82be7d358', time: '2018-11-14T08:17:03'
System info: host: 'UKLF3GWKC2', ip: '10.44.253.139', os.name: 'Windows 10', os.arch: 'amd64', os.version: '10.0', java.version: '1.8.0_202'
Driver info: org.openqa.selenium.chrome.ChromeDriver
Capabilities {acceptInsecureCerts: false, acceptSslCerts: false, applicationCacheEnabled: false, browserConnectionEnabled: false, browserName: chrome, chrome: {chromedriverVersion: 2.46.628402 (536cd7adbad73a..., userDataDir: C:\Users\KIRANM~1.ADA\AppDa...}, cssSelectorsEnabled: true, databaseEnabled: false, goog:chromeOptions: {debuggerAddress: localhost:54291}, handlesAlerts: true, hasTouchScreen: false, javascriptEnabled: true, locationContextEnabled: true, mobileEmulationEnabled: false, nativeEvents: true, networkConnectionEnabled: false, pageLoadStrategy: normal, platform: XP, platformName: XP, proxy: Proxy(), rotatable: false, setWindowRect: true, strictFileInteractability: false, takesHeapSnapshot: true, takesScreenshot: true, timeouts: {implicit: 0, pageLoad: 300000, script: 30000}, unexpectedAlertBehaviour: ignore, unhandledPromptBehavior: ignore, version: 75.0.3770.100, webStorageEnabled: true}
Session ID: 971182b4eb7f60dbc64a03c40891bc7b
at cucumber.api.testng.TestNGCucumberRunner.runCucumber(TestNGCucumberRunner.java:69)
at cucumber.api.testng.AbstractTestNGCucumberTests.feature(AbstractTestNGCucumberTests.java:21)
at sun.reflect.GeneratedMethodAccessor23.invoke(Unknown Source)
at sun.reflect.DelegatingMethodAccessorImpl.invoke(DelegatingMethodAccessorImpl.java:43)
at java.lang.reflect.Method.invoke(Method.java:498)
at org.testng.internal.MethodInvocationHelper.invokeMethod(MethodInvocationHelper.java:124)
at org.testng.internal.Invoker.invokeMethod(Invoker.java:583)
at org.testng.internal.Invoker.invokeTestMethod(Invoker.java:719)
at org.testng.internal.Invoker.invokeTestMethods(Invoker.java:989)
at org.testng.internal.TestMethodWorker.invokeTestMethods(TestMethodWorker.java:125)
at org.testng.internal.TestMethodWorker.run(TestMethodWorker.java:109)
at org.testng.TestRunner.privateRun(TestRunner.java:648)
at org.testng.TestRunner.run(TestRunner.java:505)
at org.testng.SuiteRunner.runTest(SuiteRunner.java:455)
at org.testng.SuiteRunner.runSequentially(SuiteRunner.java:450)
at org.testng.SuiteRunner.privateRun(SuiteRunner.java:415)
at org.testng.SuiteRunner.run(SuiteRunner.java:364)
at org.testng.SuiteRunnerWorker.runSuite(SuiteRunnerWorker.java:52)
at org.testng.SuiteRunnerWorker.run(SuiteRunnerWorker.java:84)
at org.testng.TestNG.runSuitesSequentially(TestNG.java:1208)
at org.testng.TestNG.runSuitesLocally(TestNG.java:1137)
at org.testng.TestNG.runSuites(TestNG.java:1049)
at org.testng.TestNG.run(TestNG.java:1017)
at org.testng.remote.AbstractRemoteTestNG.run(AbstractRemoteTestNG.java:115)
at org.testng.remote.RemoteTestNG.initAndRun(RemoteTestNG.java:251)
at org.testng.remote.RemoteTestNG.main(RemoteTestNG.java:77)
Caused by: org.openqa.selenium.ElementNotInteractableException: element not interactable
  (Session info: headless chrome=75.0.3770.100)
  (Driver info: chromedriver=2.46.628402 (536cd7adbad73a3783fdc2cab92ab2ba7ec361e1),platform=Windows NT 10.0.16299 x86_64) (WARNING: The server did not provide any stacktrace information)
Command duration or timeout: 0 milliseconds
Build info: version: '3.141.59', revision: 'e82be7d358', time: '2018-11-14T08:17:03'
System info: host: 'UKLF3GWKC2', ip: '10.44.253.139', os.name: 'Windows 10', os.arch: 'amd64', os.version: '10.0', java.version: '1.8.0_202'
Driver info: org.openqa.selenium.chrome.ChromeDriver
Capabilities {acceptInsecureCerts: false, acceptSslCerts: false, applicationCacheEnabled: false, browserConnectionEnabled: false, browserName: chrome, chrome: {chromedriverVersion: 2.46.628402 (536cd7adbad73a..., userDataDir: C:\Users\KIRANM~1.ADA\AppDa...}, cssSelectorsEnabled: true, databaseEnabled: false, goog:chromeOptions: {debuggerAddress: localhost:54291}, handlesAlerts: true, hasTouchScreen: false, javascriptEnabled: true, locationContextEnabled: true, mobileEmulationEnabled: false, nativeEvents: true, networkConnectionEnabled: false, pageLoadStrategy: normal, platform: XP, platformName: XP, proxy: Proxy(), rotatable: false, setWindowRect: true, strictFileInteractability: false, takesHeapSnapshot: true, takesScreenshot: true, timeouts: {implicit: 0, pageLoad: 300000, script: 30000}, unexpectedAlertBehaviour: ignore, unhandledPromptBehavior: ignore, version: 75.0.3770.100, webStorageEnabled: true}
Session ID: 971182b4eb7f60dbc64a03c40891bc7b
at sun.reflect.NativeConstructorAccessorImpl.newInstance0(Native Method)
at sun.reflect.NativeConstructorAccessorImpl.newInstance(NativeConstructorAccessorImpl.java:62)
at sun.reflect.DelegatingConstructorAccessorImpl.newInstance(DelegatingConstructorAccessorImpl.java:45)
at java.lang.reflect.Constructor.newInstance(Constructor.java:423)
at org.openqa.selenium.remote.ErrorHandler.createThrowable(ErrorHandler.java:214)
at org.openqa.selenium.remote.ErrorHandler.throwIfResponseFailed(ErrorHandler.java:166)
at org.openqa.selenium.remote.http.JsonHttpResponseCodec.reconstructValue(JsonHttpResponseCodec.java:40)
at org.openqa.selenium.remote.http.AbstractHttpResponseCodec.decode(AbstractHttpResponseCodec.java:80)
at org.openqa.selenium.remote.http.AbstractHttpResponseCodec.decode(AbstractHttpResponseCodec.java:44)
at org.openqa.selenium.remote.HttpCommandExecutor.execute(HttpCommandExecutor.java:158)
at org.openqa.selenium.remote.service.DriverCommandExecutor.execute(DriverCommandExecutor.java:83)
at org.openqa.selenium.remote.RemoteWebDriver.execute(RemoteWebDriver.java:552)
at org.openqa.selenium.remote.RemoteWebElement.execute(RemoteWebElement.java:285)
at org.openqa.selenium.remote.RemoteWebElement.sendKeys(RemoteWebElement.java:106)
at Implementations.ToursImpl.SelectLowestPriceTour(ToursImpl.java:21)
at StepDefinitions.ToursDefinitions.user_selects_a_lowest_price_tour(ToursDefinitions.java:18)
at ?.Given User Selects a lowest price tour(src/test/java/BookingsWithoutPayment/4-Email Us.feature:5)
]]>
            </full-stacktrace>
          </exception> <!-- cucumber.runtime.CucumberException -->
          <reporter-output>
          </reporter-output>
        </test-method> <!-- feature -->
        <test-method status="PASS" signature="tearDownClass()[pri:0, instance:cucumberOptions.TestRunner@2a17b7b6]" name="tearDownClass" is-config="true" duration-ms="31" started-at="2019-07-22T13:05:33Z" finished-at="2019-07-22T13:05:33Z">
          <reporter-output>
          </reporter-output>
        </test-method> <!-- tearDownClass -->
        <test-method status="PASS" signature="tearDown()[pri:0, instance:cucumberOptions.TestRunner@2a17b7b6]" name="tearDown" is-config="true" duration-ms="586" started-at="2019-07-22T13:05:33Z" finished-at="2019-07-22T13:05:34Z">
          <reporter-output>
          </reporter-output>
        </test-method> <!-- tearDown -->
      </class> <!-- cucumberOptions.TestRunner -->
    </test> <!-- TrekAmerica_au -->
    <test name="TrekAmerica_nz" duration-ms="53567" started-at="2019-07-22T13:05:34Z" finished-at="2019-07-22T13:06:27Z">
      <class name="cucumberOptions.TestRunner">
        <test-method status="PASS" signature="Test(java.lang.String)[pri:0, instance:cucumberOptions.TestRunner@1c3a4799]" name="Test" is-config="true" duration-ms="37615" started-at="2019-07-22T13:05:34Z" finished-at="2019-07-22T13:06:11Z">
          <params>
            <param index="0">
              <value>
                <![CDATA[TrekAmerica_nz]]>
              </value>
            </param>
          </params>
          <reporter-output>
          </reporter-output>
        </test-method> <!-- Test -->
        <test-method status="PASS" signature="setUpClass()[pri:0, instance:cucumberOptions.TestRunner@1c3a4799]" name="setUpClass" is-config="true" duration-ms="17" started-at="2019-07-22T13:06:11Z" finished-at="2019-07-22T13:06:11Z">
          <reporter-output>
          </reporter-output>
        </test-method> <!-- setUpClass -->
        <test-method status="FAIL" signature="feature(cucumber.api.testng.CucumberFeatureWrapper)[pri:0, instance:cucumberOptions.TestRunner@1c3a4799]" name="feature" duration-ms="15214" started-at="2019-07-22T13:06:11Z" description="Runs Cucumber Feature" data-provider="features" finished-at="2019-07-22T13:06:27Z">
          <params>
            <param index="0">
              <value>
                <![CDATA[Verify Email Us functionality]]>
              </value>
            </param>
          </params>
          <exception class="cucumber.runtime.CucumberException">
            <message>
              <![CDATA[org.openqa.selenium.ElementNotInteractableException: element not interactable
  (Session info: headless chrome=75.0.3770.100)
  (Driver info: chromedriver=2.46.628402 (536cd7adbad73a3783fdc2cab92ab2ba7ec361e1),platform=Windows NT 10.0.16299 x86_64) (WARNING: The server did not provide any stacktrace information)
Command duration or timeout: 0 milliseconds
Build info: version: '3.141.59', revision: 'e82be7d358', time: '2018-11-14T08:17:03'
System info: host: 'UKLF3GWKC2', ip: '10.44.253.139', os.name: 'Windows 10', os.arch: 'amd64', os.version: '10.0', java.version: '1.8.0_202'
Driver info: org.openqa.selenium.chrome.ChromeDriver
Capabilities {acceptInsecureCerts: false, acceptSslCerts: false, applicationCacheEnabled: false, browserConnectionEnabled: false, browserName: chrome, chrome: {chromedriverVersion: 2.46.628402 (536cd7adbad73a..., userDataDir: C:\Users\KIRANM~1.ADA\AppDa...}, cssSelectorsEnabled: true, databaseEnabled: false, goog:chromeOptions: {debuggerAddress: localhost:54478}, handlesAlerts: true, hasTouchScreen: false, javascriptEnabled: true, locationContextEnabled: true, mobileEmulationEnabled: false, nativeEvents: true, networkConnectionEnabled: false, pageLoadStrategy: normal, platform: XP, platformName: XP, proxy: Proxy(), rotatable: false, setWindowRect: true, strictFileInteractability: false, takesHeapSnapshot: true, takesScreenshot: true, timeouts: {implicit: 0, pageLoad: 300000, script: 30000}, unexpectedAlertBehaviour: ignore, unhandledPromptBehavior: ignore, version: 75.0.3770.100, webStorageEnabled: true}
Session ID: e53b8bf1082e74284945186d1210bf3a]]>
            </message>
            <full-stacktrace>
              <![CDATA[cucumber.runtime.CucumberException: org.openqa.selenium.ElementNotInteractableException: element not interactable
  (Session info: headless chrome=75.0.3770.100)
  (Driver info: chromedriver=2.46.628402 (536cd7adbad73a3783fdc2cab92ab2ba7ec361e1),platform=Windows NT 10.0.16299 x86_64) (WARNING: The server did not provide any stacktrace information)
Command duration or timeout: 0 milliseconds
Build info: version: '3.141.59', revision: 'e82be7d358', time: '2018-11-14T08:17:03'
System info: host: 'UKLF3GWKC2', ip: '10.44.253.139', os.name: 'Windows 10', os.arch: 'amd64', os.version: '10.0', java.version: '1.8.0_202'
Driver info: org.openqa.selenium.chrome.ChromeDriver
Capabilities {acceptInsecureCerts: false, acceptSslCerts: false, applicationCacheEnabled: false, browserConnectionEnabled: false, browserName: chrome, chrome: {chromedriverVersion: 2.46.628402 (536cd7adbad73a..., userDataDir: C:\Users\KIRANM~1.ADA\AppDa...}, cssSelectorsEnabled: true, databaseEnabled: false, goog:chromeOptions: {debuggerAddress: localhost:54478}, handlesAlerts: true, hasTouchScreen: false, javascriptEnabled: true, locationContextEnabled: true, mobileEmulationEnabled: false, nativeEvents: true, networkConnectionEnabled: false, pageLoadStrategy: normal, platform: XP, platformName: XP, proxy: Proxy(), rotatable: false, setWindowRect: true, strictFileInteractability: false, takesHeapSnapshot: true, takesScreenshot: true, timeouts: {implicit: 0, pageLoad: 300000, script: 30000}, unexpectedAlertBehaviour: ignore, unhandledPromptBehavior: ignore, version: 75.0.3770.100, webStorageEnabled: true}
Session ID: e53b8bf1082e74284945186d1210bf3a
at cucumber.api.testng.TestNGCucumberRunner.runCucumber(TestNGCucumberRunner.java:69)
at cucumber.api.testng.AbstractTestNGCucumberTests.feature(AbstractTestNGCucumberTests.java:21)
at sun.reflect.GeneratedMethodAccessor23.invoke(Unknown Source)
at sun.reflect.DelegatingMethodAccessorImpl.invoke(DelegatingMethodAccessorImpl.java:43)
at java.lang.reflect.Method.invoke(Method.java:498)
at org.testng.internal.MethodInvocationHelper.invokeMethod(MethodInvocationHelper.java:124)
at org.testng.internal.Invoker.invokeMethod(Invoker.java:583)
at org.testng.internal.Invoker.invokeTestMethod(Invoker.java:719)
at org.testng.internal.Invoker.invokeTestMethods(Invoker.java:989)
at org.testng.internal.TestMethodWorker.invokeTestMethods(TestMethodWorker.java:125)
at org.testng.internal.TestMethodWorker.run(TestMethodWorker.java:109)
at org.testng.TestRunner.privateRun(TestRunner.java:648)
at org.testng.TestRunner.run(TestRunner.java:505)
at org.testng.SuiteRunner.runTest(SuiteRunner.java:455)
at org.testng.SuiteRunner.runSequentially(SuiteRunner.java:450)
at org.testng.SuiteRunner.privateRun(SuiteRunner.java:415)
at org.testng.SuiteRunner.run(SuiteRunner.java:364)
at org.testng.SuiteRunnerWorker.runSuite(SuiteRunnerWorker.java:52)
at org.testng.SuiteRunnerWorker.run(SuiteRunnerWorker.java:84)
at org.testng.TestNG.runSuitesSequentially(TestNG.java:1208)
at org.testng.TestNG.runSuitesLocally(TestNG.java:1137)
at org.testng.TestNG.runSuites(TestNG.java:1049)
at org.testng.TestNG.run(TestNG.java:1017)
at org.testng.remote.AbstractRemoteTestNG.run(AbstractRemoteTestNG.java:115)
at org.testng.remote.RemoteTestNG.initAndRun(RemoteTestNG.java:251)
at org.testng.remote.RemoteTestNG.main(RemoteTestNG.java:77)
Caused by: org.openqa.selenium.ElementNotInteractableException: element not interactable
  (Session info: headless chrome=75.0.3770.100)
  (Driver info: chromedriver=2.46.628402 (536cd7adbad73a3783fdc2cab92ab2ba7ec361e1),platform=Windows NT 10.0.16299 x86_64) (WARNING: The server did not provide any stacktrace information)
Command duration or timeout: 0 milliseconds
Build info: version: '3.141.59', revision: 'e82be7d358', time: '2018-11-14T08:17:03'
System info: host: 'UKLF3GWKC2', ip: '10.44.253.139', os.name: 'Windows 10', os.arch: 'amd64', os.version: '10.0', java.version: '1.8.0_202'
Driver info: org.openqa.selenium.chrome.ChromeDriver
Capabilities {acceptInsecureCerts: false, acceptSslCerts: false, applicationCacheEnabled: false, browserConnectionEnabled: false, browserName: chrome, chrome: {chromedriverVersion: 2.46.628402 (536cd7adbad73a..., userDataDir: C:\Users\KIRANM~1.ADA\AppDa...}, cssSelectorsEnabled: true, databaseEnabled: false, goog:chromeOptions: {debuggerAddress: localhost:54478}, handlesAlerts: true, hasTouchScreen: false, javascriptEnabled: true, locationContextEnabled: true, mobileEmulationEnabled: false, nativeEvents: true, networkConnectionEnabled: false, pageLoadStrategy: normal, platform: XP, platformName: XP, proxy: Proxy(), rotatable: false, setWindowRect: true, strictFileInteractability: false, takesHeapSnapshot: true, takesScreenshot: true, timeouts: {implicit: 0, pageLoad: 300000, script: 30000}, unexpectedAlertBehaviour: ignore, unhandledPromptBehavior: ignore, version: 75.0.3770.100, webStorageEnabled: true}
Session ID: e53b8bf1082e74284945186d1210bf3a
at sun.reflect.NativeConstructorAccessorImpl.newInstance0(Native Method)
at sun.reflect.NativeConstructorAccessorImpl.newInstance(NativeConstructorAccessorImpl.java:62)
at sun.reflect.DelegatingConstructorAccessorImpl.newInstance(DelegatingConstructorAccessorImpl.java:45)
at java.lang.reflect.Constructor.newInstance(Constructor.java:423)
at org.openqa.selenium.remote.ErrorHandler.createThrowable(ErrorHandler.java:214)
at org.openqa.selenium.remote.ErrorHandler.throwIfResponseFailed(ErrorHandler.java:166)
at org.openqa.selenium.remote.http.JsonHttpResponseCodec.reconstructValue(JsonHttpResponseCodec.java:40)
at org.openqa.selenium.remote.http.AbstractHttpResponseCodec.decode(AbstractHttpResponseCodec.java:80)
at org.openqa.selenium.remote.http.AbstractHttpResponseCodec.decode(AbstractHttpResponseCodec.java:44)
at org.openqa.selenium.remote.HttpCommandExecutor.execute(HttpCommandExecutor.java:158)
at org.openqa.selenium.remote.service.DriverCommandExecutor.execute(DriverCommandExecutor.java:83)
at org.openqa.selenium.remote.RemoteWebDriver.execute(RemoteWebDriver.java:552)
at org.openqa.selenium.remote.RemoteWebElement.execute(RemoteWebElement.java:285)
at org.openqa.selenium.remote.RemoteWebElement.sendKeys(RemoteWebElement.java:106)
at Implementations.ToursImpl.SelectLowestPriceTour(ToursImpl.java:21)
at StepDefinitions.ToursDefinitions.user_selects_a_lowest_price_tour(ToursDefinitions.java:18)
at ?.Given User Selects a lowest price tour(src/test/java/BookingsWithoutPayment/4-Email Us.feature:5)
]]>
            </full-stacktrace>
          </exception> <!-- cucumber.runtime.CucumberException -->
          <reporter-output>
          </reporter-output>
        </test-method> <!-- feature -->
        <test-method status="PASS" signature="tearDownClass()[pri:0, instance:cucumberOptions.TestRunner@1c3a4799]" name="tearDownClass" is-config="true" duration-ms="23" started-at="2019-07-22T13:06:27Z" finished-at="2019-07-22T13:06:27Z">
          <reporter-output>
          </reporter-output>
        </test-method> <!-- tearDownClass -->
        <test-method status="PASS" signature="tearDown()[pri:0, instance:cucumberOptions.TestRunner@1c3a4799]" name="tearDown" is-config="true" duration-ms="690" started-at="2019-07-22T13:06:27Z" finished-at="2019-07-22T13:06:27Z">
          <reporter-output>
          </reporter-output>
        </test-method> <!-- tearDown -->
      </class> <!-- cucumberOptions.TestRunner -->
    </test> <!-- TrekAmerica_nz -->
    <test name="TrekAmerica_uk" duration-ms="50233" started-at="2019-07-22T13:06:27Z" finished-at="2019-07-22T13:07:18Z">
      <class name="cucumberOptions.TestRunner">
        <test-method status="PASS" signature="Test(java.lang.String)[pri:0, instance:cucumberOptions.TestRunner@51cdd8a]" name="Test" is-config="true" duration-ms="35383" started-at="2019-07-22T13:06:27Z" finished-at="2019-07-22T13:07:03Z">
          <params>
            <param index="0">
              <value>
                <![CDATA[TrekAmerica_uk]]>
              </value>
            </param>
          </params>
          <reporter-output>
          </reporter-output>
        </test-method> <!-- Test -->
        <test-method status="PASS" signature="setUpClass()[pri:0, instance:cucumberOptions.TestRunner@51cdd8a]" name="setUpClass" is-config="true" duration-ms="12" started-at="2019-07-22T13:07:03Z" finished-at="2019-07-22T13:07:03Z">
          <reporter-output>
          </reporter-output>
        </test-method> <!-- setUpClass -->
        <test-method status="PASS" signature="feature(cucumber.api.testng.CucumberFeatureWrapper)[pri:0, instance:cucumberOptions.TestRunner@51cdd8a]" name="feature" duration-ms="14211" started-at="2019-07-22T13:07:03Z" description="Runs Cucumber Feature" data-provider="features" finished-at="2019-07-22T13:07:17Z">
          <params>
            <param index="0">
              <value>
                <![CDATA[Verify Email Us functionality]]>
              </value>
            </param>
          </params>
          <reporter-output>
          </reporter-output>
        </test-method> <!-- feature -->
        <test-method status="PASS" signature="tearDownClass()[pri:0, instance:cucumberOptions.TestRunner@51cdd8a]" name="tearDownClass" is-config="true" duration-ms="9" started-at="2019-07-22T13:07:17Z" finished-at="2019-07-22T13:07:17Z">
          <reporter-output>
          </reporter-output>
        </test-method> <!-- tearDownClass -->
        <test-method status="PASS" signature="tearDown()[pri:0, instance:cucumberOptions.TestRunner@51cdd8a]" name="tearDown" is-config="true" duration-ms="613" started-at="2019-07-22T13:07:17Z" finished-at="2019-07-22T13:07:18Z">
          <reporter-output>
          </reporter-output>
        </test-method> <!-- tearDown -->
      </class> <!-- cucumberOptions.TestRunner -->
    </test> <!-- TrekAmerica_uk -->
    <test name="TrekAmerica_us" duration-ms="51027" started-at="2019-07-22T13:07:18Z" finished-at="2019-07-22T13:08:09Z">
      <class name="cucumberOptions.TestRunner">
        <test-method status="PASS" signature="Test(java.lang.String)[pri:0, instance:cucumberOptions.TestRunner@48503868]" name="Test" is-config="true" duration-ms="35226" started-at="2019-07-22T13:07:18Z" finished-at="2019-07-22T13:07:53Z">
          <params>
            <param index="0">
              <value>
                <![CDATA[TrekAmerica_us]]>
              </value>
            </param>
          </params>
          <reporter-output>
          </reporter-output>
        </test-method> <!-- Test -->
        <test-method status="PASS" signature="setUpClass()[pri:0, instance:cucumberOptions.TestRunner@48503868]" name="setUpClass" is-config="true" duration-ms="4" started-at="2019-07-22T13:07:53Z" finished-at="2019-07-22T13:07:53Z">
          <reporter-output>
          </reporter-output>
        </test-method> <!-- setUpClass -->
        <test-method status="FAIL" signature="feature(cucumber.api.testng.CucumberFeatureWrapper)[pri:0, instance:cucumberOptions.TestRunner@48503868]" name="feature" duration-ms="15188" started-at="2019-07-22T13:07:53Z" description="Runs Cucumber Feature" data-provider="features" finished-at="2019-07-22T13:08:08Z">
          <params>
            <param index="0">
              <value>
                <![CDATA[Verify Email Us functionality]]>
              </value>
            </param>
          </params>
          <exception class="cucumber.runtime.CucumberException">
            <message>
              <![CDATA[org.openqa.selenium.ElementNotInteractableException: element not interactable
  (Session info: headless chrome=75.0.3770.100)
  (Driver info: chromedriver=2.46.628402 (536cd7adbad73a3783fdc2cab92ab2ba7ec361e1),platform=Windows NT 10.0.16299 x86_64) (WARNING: The server did not provide any stacktrace information)
Command duration or timeout: 0 milliseconds
Build info: version: '3.141.59', revision: 'e82be7d358', time: '2018-11-14T08:17:03'
System info: host: 'UKLF3GWKC2', ip: '10.44.253.139', os.name: 'Windows 10', os.arch: 'amd64', os.version: '10.0', java.version: '1.8.0_202'
Driver info: org.openqa.selenium.chrome.ChromeDriver
Capabilities {acceptInsecureCerts: false, acceptSslCerts: false, applicationCacheEnabled: false, browserConnectionEnabled: false, browserName: chrome, chrome: {chromedriverVersion: 2.46.628402 (536cd7adbad73a..., userDataDir: C:\Users\KIRANM~1.ADA\AppDa...}, cssSelectorsEnabled: true, databaseEnabled: false, goog:chromeOptions: {debuggerAddress: localhost:54889}, handlesAlerts: true, hasTouchScreen: false, javascriptEnabled: true, locationContextEnabled: true, mobileEmulationEnabled: false, nativeEvents: true, networkConnectionEnabled: false, pageLoadStrategy: normal, platform: XP, platformName: XP, proxy: Proxy(), rotatable: false, setWindowRect: true, strictFileInteractability: false, takesHeapSnapshot: true, takesScreenshot: true, timeouts: {implicit: 0, pageLoad: 300000, script: 30000}, unexpectedAlertBehaviour: ignore, unhandledPromptBehavior: ignore, version: 75.0.3770.100, webStorageEnabled: true}
Session ID: f37a26d647374f54d395d1e144f3a7c7]]>
            </message>
            <full-stacktrace>
              <![CDATA[cucumber.runtime.CucumberException: org.openqa.selenium.ElementNotInteractableException: element not interactable
  (Session info: headless chrome=75.0.3770.100)
  (Driver info: chromedriver=2.46.628402 (536cd7adbad73a3783fdc2cab92ab2ba7ec361e1),platform=Windows NT 10.0.16299 x86_64) (WARNING: The server did not provide any stacktrace information)
Command duration or timeout: 0 milliseconds
Build info: version: '3.141.59', revision: 'e82be7d358', time: '2018-11-14T08:17:03'
System info: host: 'UKLF3GWKC2', ip: '10.44.253.139', os.name: 'Windows 10', os.arch: 'amd64', os.version: '10.0', java.version: '1.8.0_202'
Driver info: org.openqa.selenium.chrome.ChromeDriver
Capabilities {acceptInsecureCerts: false, acceptSslCerts: false, applicationCacheEnabled: false, browserConnectionEnabled: false, browserName: chrome, chrome: {chromedriverVersion: 2.46.628402 (536cd7adbad73a..., userDataDir: C:\Users\KIRANM~1.ADA\AppDa...}, cssSelectorsEnabled: true, databaseEnabled: false, goog:chromeOptions: {debuggerAddress: localhost:54889}, handlesAlerts: true, hasTouchScreen: false, javascriptEnabled: true, locationContextEnabled: true, mobileEmulationEnabled: false, nativeEvents: true, networkConnectionEnabled: false, pageLoadStrategy: normal, platform: XP, platformName: XP, proxy: Proxy(), rotatable: false, setWindowRect: true, strictFileInteractability: false, takesHeapSnapshot: true, takesScreenshot: true, timeouts: {implicit: 0, pageLoad: 300000, script: 30000}, unexpectedAlertBehaviour: ignore, unhandledPromptBehavior: ignore, version: 75.0.3770.100, webStorageEnabled: true}
Session ID: f37a26d647374f54d395d1e144f3a7c7
at cucumber.api.testng.TestNGCucumberRunner.runCucumber(TestNGCucumberRunner.java:69)
at cucumber.api.testng.AbstractTestNGCucumberTests.feature(AbstractTestNGCucumberTests.java:21)
at sun.reflect.GeneratedMethodAccessor23.invoke(Unknown Source)
at sun.reflect.DelegatingMethodAccessorImpl.invoke(DelegatingMethodAccessorImpl.java:43)
at java.lang.reflect.Method.invoke(Method.java:498)
at org.testng.internal.MethodInvocationHelper.invokeMethod(MethodInvocationHelper.java:124)
at org.testng.internal.Invoker.invokeMethod(Invoker.java:583)
at org.testng.internal.Invoker.invokeTestMethod(Invoker.java:719)
at org.testng.internal.Invoker.invokeTestMethods(Invoker.java:989)
at org.testng.internal.TestMethodWorker.invokeTestMethods(TestMethodWorker.java:125)
at org.testng.internal.TestMethodWorker.run(TestMethodWorker.java:109)
at org.testng.TestRunner.privateRun(TestRunner.java:648)
at org.testng.TestRunner.run(TestRunner.java:505)
at org.testng.SuiteRunner.runTest(SuiteRunner.java:455)
at org.testng.SuiteRunner.runSequentially(SuiteRunner.java:450)
at org.testng.SuiteRunner.privateRun(SuiteRunner.java:415)
at org.testng.SuiteRunner.run(SuiteRunner.java:364)
at org.testng.SuiteRunnerWorker.runSuite(SuiteRunnerWorker.java:52)
at org.testng.SuiteRunnerWorker.run(SuiteRunnerWorker.java:84)
at org.testng.TestNG.runSuitesSequentially(TestNG.java:1208)
at org.testng.TestNG.runSuitesLocally(TestNG.java:1137)
at org.testng.TestNG.runSuites(TestNG.java:1049)
at org.testng.TestNG.run(TestNG.java:1017)
at org.testng.remote.AbstractRemoteTestNG.run(AbstractRemoteTestNG.java:115)
at org.testng.remote.RemoteTestNG.initAndRun(RemoteTestNG.java:251)
at org.testng.remote.RemoteTestNG.main(RemoteTestNG.java:77)
Caused by: org.openqa.selenium.ElementNotInteractableException: element not interactable
  (Session info: headless chrome=75.0.3770.100)
  (Driver info: chromedriver=2.46.628402 (536cd7adbad73a3783fdc2cab92ab2ba7ec361e1),platform=Windows NT 10.0.16299 x86_64) (WARNING: The server did not provide any stacktrace information)
Command duration or timeout: 0 milliseconds
Build info: version: '3.141.59', revision: 'e82be7d358', time: '2018-11-14T08:17:03'
System info: host: 'UKLF3GWKC2', ip: '10.44.253.139', os.name: 'Windows 10', os.arch: 'amd64', os.version: '10.0', java.version: '1.8.0_202'
Driver info: org.openqa.selenium.chrome.ChromeDriver
Capabilities {acceptInsecureCerts: false, acceptSslCerts: false, applicationCacheEnabled: false, browserConnectionEnabled: false, browserName: chrome, chrome: {chromedriverVersion: 2.46.628402 (536cd7adbad73a..., userDataDir: C:\Users\KIRANM~1.ADA\AppDa...}, cssSelectorsEnabled: true, databaseEnabled: false, goog:chromeOptions: {debuggerAddress: localhost:54889}, handlesAlerts: true, hasTouchScreen: false, javascriptEnabled: true, locationContextEnabled: true, mobileEmulationEnabled: false, nativeEvents: true, networkConnectionEnabled: false, pageLoadStrategy: normal, platform: XP, platformName: XP, proxy: Proxy(), rotatable: false, setWindowRect: true, strictFileInteractability: false, takesHeapSnapshot: true, takesScreenshot: true, timeouts: {implicit: 0, pageLoad: 300000, script: 30000}, unexpectedAlertBehaviour: ignore, unhandledPromptBehavior: ignore, version: 75.0.3770.100, webStorageEnabled: true}
Session ID: f37a26d647374f54d395d1e144f3a7c7
at sun.reflect.NativeConstructorAccessorImpl.newInstance0(Native Method)
at sun.reflect.NativeConstructorAccessorImpl.newInstance(NativeConstructorAccessorImpl.java:62)
at sun.reflect.DelegatingConstructorAccessorImpl.newInstance(DelegatingConstructorAccessorImpl.java:45)
at java.lang.reflect.Constructor.newInstance(Constructor.java:423)
at org.openqa.selenium.remote.ErrorHandler.createThrowable(ErrorHandler.java:214)
at org.openqa.selenium.remote.ErrorHandler.throwIfResponseFailed(ErrorHandler.java:166)
at org.openqa.selenium.remote.http.JsonHttpResponseCodec.reconstructValue(JsonHttpResponseCodec.java:40)
at org.openqa.selenium.remote.http.AbstractHttpResponseCodec.decode(AbstractHttpResponseCodec.java:80)
at org.openqa.selenium.remote.http.AbstractHttpResponseCodec.decode(AbstractHttpResponseCodec.java:44)
at org.openqa.selenium.remote.HttpCommandExecutor.execute(HttpCommandExecutor.java:158)
at org.openqa.selenium.remote.service.DriverCommandExecutor.execute(DriverCommandExecutor.java:83)
at org.openqa.selenium.remote.RemoteWebDriver.execute(RemoteWebDriver.java:552)
at org.openqa.selenium.remote.RemoteWebElement.execute(RemoteWebElement.java:285)
at org.openqa.selenium.remote.RemoteWebElement.sendKeys(RemoteWebElement.java:106)
at Implementations.ToursImpl.SelectLowestPriceTour(ToursImpl.java:21)
at StepDefinitions.ToursDefinitions.user_selects_a_lowest_price_tour(ToursDefinitions.java:18)
at ?.Given User Selects a lowest price tour(src/test/java/BookingsWithoutPayment/4-Email Us.feature:5)
]]>
            </full-stacktrace>
          </exception> <!-- cucumber.runtime.CucumberException -->
          <reporter-output>
          </reporter-output>
        </test-method> <!-- feature -->
        <test-method status="PASS" signature="tearDownClass()[pri:0, instance:cucumberOptions.TestRunner@48503868]" name="tearDownClass" is-config="true" duration-ms="20" started-at="2019-07-22T13:08:08Z" finished-at="2019-07-22T13:08:08Z">
          <reporter-output>
          </reporter-output>
        </test-method> <!-- tearDownClass -->
        <test-method status="PASS" signature="tearDown()[pri:0, instance:cucumberOptions.TestRunner@48503868]" name="tearDown" is-config="true" duration-ms="574" started-at="2019-07-22T13:08:08Z" finished-at="2019-07-22T13:08:09Z">
          <reporter-output>
          </reporter-output>
        </test-method> <!-- tearDown -->
      </class> <!-- cucumberOptions.TestRunner -->
    </test> <!-- TrekAmerica_us -->
    <test name="GrandAmerica_au" duration-ms="53849" started-at="2019-07-22T13:08:09Z" finished-at="2019-07-22T13:09:03Z">
      <class name="cucumberOptions.TestRunner">
[...]
          <params>
            <param index="0">
              <value>
                <![CDATA[GrandAmerica_us]]>
              </value>
            </param>
          </params>
          <reporter-output>
          </reporter-output>
        </test-method> <!-- Test -->
        <test-method status="PASS" signature="setUpClass()[pri:0, instance:cucumberOptions.TestRunner@1b68ddbd]" name="setUpClass" is-config="true" duration-ms="9" started-at="2019-07-22T13:11:22Z" finished-at="2019-07-22T13:11:22Z">
          <reporter-output>
          </reporter-output>
        </test-method> <!-- setUpClass -->
        <test-method status="FAIL" signature="feature(cucumber.api.testng.CucumberFeatureWrapper)[pri:0, instance:cucumberOptions.TestRunner@1b68ddbd]" name="feature" duration-ms="15099" started-at="2019-07-22T13:11:22Z" description="Runs Cucumber Feature" data-provider="features" finished-at="2019-07-22T13:11:37Z">
          <params>
            <param index="0">
              <value>
                <![CDATA[Verify Email Us functionality]]>
              </value>
            </param>
          </params>
          <exception class="cucumber.runtime.CucumberException">
            <message>
              <![CDATA[org.openqa.selenium.ElementNotInteractableException: element not interactable
  (Session info: headless chrome=75.0.3770.100)
  (Driver info: chromedriver=2.46.628402 (536cd7adbad73a3783fdc2cab92ab2ba7ec361e1),platform=Windows NT 10.0.16299 x86_64) (WARNING: The server did not provide any stacktrace information)
Command duration or timeout: 0 milliseconds
Build info: version: '3.141.59', revision: 'e82be7d358', time: '2018-11-14T08:17:03'
System info: host: 'UKLF3GWKC2', ip: '10.44.253.139', os.name: 'Windows 10', os.arch: 'amd64', os.version: '10.0', java.version: '1.8.0_202'
Driver info: org.openqa.selenium.chrome.ChromeDriver
Capabilities {acceptInsecureCerts: false, acceptSslCerts: false, applicationCacheEnabled: false, browserConnectionEnabled: false, browserName: chrome, chrome: {chromedriverVersion: 2.46.628402 (536cd7adbad73a..., userDataDir: C:\Users\KIRANM~1.ADA\AppDa...}, cssSelectorsEnabled: true, databaseEnabled: false, goog:chromeOptions: {debuggerAddress: localhost:55915}, handlesAlerts: true, hasTouchScreen: false, javascriptEnabled: true, locationContextEnabled: true, mobileEmulationEnabled: false, nativeEvents: true, networkConnectionEnabled: false, pageLoadStrategy: normal, platform: XP, platformName: XP, proxy: Proxy(), rotatable: false, setWindowRect: true, strictFileInteractability: false, takesHeapSnapshot: true, takesScreenshot: true, timeouts: {implicit: 0, pageLoad: 300000, script: 30000}, unexpectedAlertBehaviour: ignore, unhandledPromptBehavior: ignore, version: 75.0.3770.100, webStorageEnabled: true}
Session ID: 7a0b4bfd3295776885bb166a3d2e750b]]>
            </message>
            <full-stacktrace>
              <![CDATA[cucumber.runtime.CucumberException: org.openqa.selenium.ElementNotInteractableException: element not interactable
  (Session info: headless chrome=75.0.3770.100)
  (Driver info: chromedriver=2.46.628402 (536cd7adbad73a3783fdc2cab92ab2ba7ec361e1),platform=Windows NT 10.0.16299 x86_64) (WARNING: The server did not provide any stacktrace information)
Command duration or timeout: 0 milliseconds
Build info: version: '3.141.59', revision: 'e82be7d358', time: '2018-11-14T08:17:03'
System info: host: 'UKLF3GWKC2', ip: '10.44.253.139', os.name: 'Windows 10', os.arch: 'amd64', os.version: '10.0', java.version: '1.8.0_202'
Driver info: org.openqa.selenium.chrome.ChromeDriver
Capabilities {acceptInsecureCerts: false, acceptSslCerts: false, applicationCacheEnabled: false, browserConnectionEnabled: false, browserName: chrome, chrome: {chromedriverVersion: 2.46.628402 (536cd7adbad73a..., userDataDir: C:\Users\KIRANM~1.ADA\AppDa...}, cssSelectorsEnabled: true, databaseEnabled: false, goog:chromeOptions: {debuggerAddress: localhost:55915}, handlesAlerts: true, hasTouchScreen: false, javascriptEnabled: true, locationContextEnabled: true, mobileEmulationEnabled: false, nativeEvents: true, networkConnectionEnabled: false, pageLoadStrategy: normal, platform: XP, platformName: XP, proxy: Proxy(), rotatable: false, setWindowRect: true, strictFileInteractability: false, takesHeapSnapshot: true, takesScreenshot: true, timeouts: {implicit: 0, pageLoad: 300000, script: 30000}, unexpectedAlertBehaviour: ignore, unhandledPromptBehavior: ignore, version: 75.0.3770.100, webStorageEnabled: true}
Session ID: 7a0b4bfd3295776885bb166a3d2e750b
at cucumber.api.testng.TestNGCucumberRunner.runCucumber(TestNGCucumberRunner.java:69)
at cucumber.api.testng.AbstractTestNGCucumberTests.feature(AbstractTestNGCucumberTests.java:21)
at sun.reflect.GeneratedMethodAccessor23.invoke(Unknown Source)
at sun.reflect.DelegatingMethodAccessorImpl.invoke(DelegatingMethodAccessorImpl.java:43)
at java.lang.reflect.Method.invoke(Method.java:498)
at org.testng.internal.MethodInvocationHelper.invokeMethod(MethodInvocationHelper.java:124)
at org.testng.internal.Invoker.invokeMethod(Invoker.java:583)
at org.testng.internal.Invoker.invokeTestMethod(Invoker.java:719)
at org.testng.internal.Invoker.invokeTestMethods(Invoker.java:989)
at org.testng.internal.TestMethodWorker.invokeTestMethods(TestMethodWorker.java:125)
at org.testng.internal.TestMethodWorker.run(TestMethodWorker.java:109)
at org.testng.TestRunner.privateRun(TestRunner.java:648)
at org.testng.TestRunner.run(TestRunner.java:505)
at org.testng.SuiteRunner.runTest(SuiteRunner.java:455)
at org.testng.SuiteRunner.runSequentially(SuiteRunner.java:450)
at org.testng.SuiteRunner.privateRun(SuiteRunner.java:415)
at org.testng.SuiteRunner.run(SuiteRunner.java:364)
at org.testng.SuiteRunnerWorker.runSuite(SuiteRunnerWorker.java:52)
at org.testng.SuiteRunnerWorker.run(SuiteRunnerWorker.java:84)
at org.testng.TestNG.runSuitesSequentially(TestNG.java:1208)
at org.testng.TestNG.runSuitesLocally(TestNG.java:1137)
at org.testng.TestNG.runSuites(TestNG.java:1049)
at org.testng.TestNG.run(TestNG.java:1017)
at org.testng.remote.AbstractRemoteTestNG.run(AbstractRemoteTestNG.java:115)
at org.testng.remote.RemoteTestNG.initAndRun(RemoteTestNG.java:251)
at org.testng.remote.RemoteTestNG.main(RemoteTestNG.java:77)
Caused by: org.openqa.selenium.ElementNotInteractableException: element not interactable
  (Session info: headless chrome=75.0.3770.100)
  (Driver info: chromedriver=2.46.628402 (536cd7adbad73a3783fdc2cab92ab2ba7ec361e1),platform=Windows NT 10.0.16299 x86_64) (WARNING: The server did not provide any stacktrace information)
Command duration or timeout: 0 milliseconds
Build info: version: '3.141.59', revision: 'e82be7d358', time: '2018-11-14T08:17:03'
System info: host: 'UKLF3GWKC2', ip: '10.44.253.139', os.name: 'Windows 10', os.arch: 'amd64', os.version: '10.0', java.version: '1.8.0_202'
Driver info: org.openqa.selenium.chrome.ChromeDriver
Capabilities {acceptInsecureCerts: false, acceptSslCerts: false, applicationCacheEnabled: false, browserConnectionEnabled: false, browserName: chrome, chrome: {chromedriverVersion: 2.46.628402 (536cd7adbad73a..., userDataDir: C:\Users\KIRANM~1.ADA\AppDa...}, cssSelectorsEnabled: true, databaseEnabled: false, goog:chromeOptions: {debuggerAddress: localhost:55915}, handlesAlerts: true, hasTouchScreen: false, javascriptEnabled: true, locationContextEnabled: true, mobileEmulationEnabled: false, nativeEvents: true, networkConnectionEnabled: false, pageLoadStrategy: normal, platform: XP, platformName: XP, proxy: Proxy(), rotatable: false, setWindowRect: true, strictFileInteractability: false, takesHeapSnapshot: true, takesScreenshot: true, timeouts: {implicit: 0, pageLoad: 300000, script: 30000}, unexpectedAlertBehaviour: ignore, unhandledPromptBehavior: ignore, version: 75.0.3770.100, webStorageEnabled: true}
Session ID: 7a0b4bfd3295776885bb166a3d2e750b
at sun.reflect.NativeConstructorAccessorImpl.newInstance0(Native Method)
at sun.reflect.NativeConstructorAccessorImpl.newInstance(NativeConstructorAccessorImpl.java:62)
at sun.reflect.DelegatingConstructorAccessorImpl.newInstance(DelegatingConstructorAccessorImpl.java:45)
at java.lang.reflect.Constructor.newInstance(Constructor.java:423)
at org.openqa.selenium.remote.ErrorHandler.createThrowable(ErrorHandler.java:214)
at org.openqa.selenium.remote.ErrorHandler.throwIfResponseFailed(ErrorHandler.java:166)
at org.openqa.selenium.remote.http.JsonHttpResponseCodec.reconstructValue(JsonHttpResponseCodec.java:40)
at org.openqa.selenium.remote.http.AbstractHttpResponseCodec.decode(AbstractHttpResponseCodec.java:80)
at org.openqa.selenium.remote.http.AbstractHttpResponseCodec.decode(AbstractHttpResponseCodec.java:44)
at org.openqa.selenium.remote.HttpCommandExecutor.execute(HttpCommandExecutor.java:158)
at org.openqa.selenium.remote.service.DriverCommandExecutor.execute(DriverCommandExecutor.java:83)
at org.openqa.selenium.remote.RemoteWebDriver.execute(RemoteWebDriver.java:552)
at org.openqa.selenium.remote.RemoteWebElement.execute(RemoteWebElement.java:285)
at org.openqa.selenium.remote.RemoteWebElement.sendKeys(RemoteWebElement.java:106)
at Implementations.ToursImpl.SelectLowestPriceTour(ToursImpl.java:21)
at StepDefinitions.ToursDefinitions.user_selects_a_lowest_price_tour(ToursDefinitions.java:18)
at ?.Given User Selects a lowest price tour(src/test/java/BookingsWithoutPayment/4-Email Us.feature:5)
]]>
            </full-stacktrace>
          </exception> <!-- cucumber.runtime.CucumberException -->
          <reporter-output>
          </reporter-output>
        </test-method> <!-- feature -->
        <test-method status="PASS" signature="tearDownClass()[pri:0, instance:cucumberOptions.TestRunner@1b68ddbd]" name="tearDownClass" is-config="true" duration-ms="13" started-at="2019-07-22T13:11:37Z" finished-at="2019-07-22T13:11:37Z">
          <reporter-output>
          </reporter-output>
        </test-method> <!-- tearDownClass -->
        <test-method status="PASS" signature="tearDown()[pri:0, instance:cucumberOptions.TestRunner@1b68ddbd]" name="tearDown" is-config="true" duration-ms="598" started-at="2019-07-22T13:11:37Z" finished-at="2019-07-22T13:11:38Z">
          <reporter-output>
          </reporter-output>
        </test-method> <!-- tearDown -->
      </class> <!-- cucumberOptions.TestRunner -->
    </test> <!-- GrandAmerica_us -->
    <test name="Radical_au" duration-ms="52042" started-at="2019-07-22T13:11:38Z" finished-at="2019-07-22T13:12:30Z">
      <class name="cucumberOptions.TestRunner">
        <test-method status="PASS" signature="Test(java.lang.String)[pri:0, instance:cucumberOptions.TestRunner@704a52ec]" name="Test" is-config="true" duration-ms="37343" started-at="2019-07-22T13:11:38Z" finished-at="2019-07-22T13:12:15Z">
          <params>
            <param index="0">
              <value>
                <![CDATA[Radical_au]]>
              </value>
            </param>
          </params>
          <reporter-output>
          </reporter-output>
        </test-method> <!-- Test -->
        <test-method status="PASS" signature="setUpClass()[pri:0, instance:cucumberOptions.TestRunner@704a52ec]" name="setUpClass" is-config="true" duration-ms="10" started-at="2019-07-22T13:12:15Z" finished-at="2019-07-22T13:12:15Z">
          <reporter-output>
          </reporter-output>
        </test-method> <!-- setUpClass -->
        <test-method status="PASS" signature="feature(cucumber.api.testng.CucumberFeatureWrapper)[pri:0, instance:cucumberOptions.TestRunner@704a52ec]" name="feature" duration-ms="14080" started-at="2019-07-22T13:12:15Z" description="Runs Cucumber Feature" data-provider="features" finished-at="2019-07-22T13:12:29Z">
          <params>
            <param index="0">
              <value>
                <![CDATA[Verify Email Us functionality]]>
              </value>
            </param>
          </params>
          <reporter-output>
          </reporter-output>
        </test-method> <!-- feature -->
        <test-method status="PASS" signature="tearDownClass()[pri:0, instance:cucumberOptions.TestRunner@704a52ec]" name="tearDownClass" is-config="true" duration-ms="7" started-at="2019-07-22T13:12:29Z" finished-at="2019-07-22T13:12:29Z">
          <reporter-output>
          </reporter-output>
        </test-method> <!-- tearDownClass -->
        <test-method status="PASS" signature="tearDown()[pri:0, instance:cucumberOptions.TestRunner@704a52ec]" name="tearDown" is-config="true" duration-ms="596" started-at="2019-07-22T13:12:29Z" finished-at="2019-07-22T13:12:30Z">
          <reporter-output>
          </reporter-output>
        </test-method> <!-- tearDown -->
      </class> <!-- cucumberOptions.TestRunner -->
    </test> <!-- Radical_au -->
    <test name="Radical_nz" duration-ms="52217" started-at="2019-07-22T13:12:30Z" finished-at="2019-07-22T13:13:22Z">
      <class name="cucumberOptions.TestRunner">
        <test-method status="PASS" signature="Test(java.lang.String)[pri:0, instance:cucumberOptions.TestRunner@305fd85d]" name="Test" is-config="true" duration-ms="37400" started-at="2019-07-22T13:12:30Z" finished-at="2019-07-22T13:13:07Z">
          <params>
            <param index="0">
              <value>
                <![CDATA[Radical_nz]]>
              </value>
            </param>
          </params>
          <reporter-output>
          </reporter-output>
        </test-method> <!-- Test -->
        <test-method status="PASS" signature="setUpClass()[pri:0, instance:cucumberOptions.TestRunner@305fd85d]" name="setUpClass" is-config="true" duration-ms="9" started-at="2019-07-22T13:13:07Z" finished-at="2019-07-22T13:13:07Z">
          <reporter-output>
          </reporter-output>
        </test-method> <!-- setUpClass -->
        <test-method status="PASS" signature="feature(cucumber.api.testng.CucumberFeatureWrapper)[pri:0, instance:cucumberOptions.TestRunner@305fd85d]" name="feature" duration-ms="14204" started-at="2019-07-22T13:13:07Z" description="Runs Cucumber Feature" data-provider="features" finished-at="2019-07-22T13:13:22Z">
          <params>
            <param index="0">
              <value>
                <![CDATA[Verify Email Us functionality]]>
              </value>
            </param>
          </params>
          <reporter-output>
          </reporter-output>
        </test-method> <!-- feature -->
        <test-method status="PASS" signature="tearDownClass()[pri:0, instance:cucumberOptions.TestRunner@305fd85d]" name="tearDownClass" is-config="true" duration-ms="8" started-at="2019-07-22T13:13:22Z" finished-at="2019-07-22T13:13:22Z">
          <reporter-output>
          </reporter-output>
        </test-method> <!-- tearDownClass -->
        <test-method status="PASS" signature="tearDown()[pri:0, instance:cucumberOptions.TestRunner@305fd85d]" name="tearDown" is-config="true" duration-ms="594" started-at="2019-07-22T13:13:22Z" finished-at="2019-07-22T13:13:22Z">
          <reporter-output>
          </reporter-output>
        </test-method> <!-- tearDown -->
      </class> <!-- cucumberOptions.TestRunner -->
    </test> <!-- Radical_nz -->
    <test name="Radical_uk" duration-ms="49908" started-at="2019-07-22T13:13:22Z" finished-at="2019-07-22T13:14:12Z">
      <class name="cucumberOptions.TestRunner">
        <test-method status="PASS" signature="Test(java.lang.String)[pri:0, instance:cucumberOptions.TestRunner@ea1a8d5]" name="Test" is-config="true" duration-ms="35020" started-at="2019-07-22T13:13:22Z" finished-at="2019-07-22T13:13:57Z">
          <params>
            <param index="0">
              <value>
                <![CDATA[Radical_uk]]>
              </value>
            </param>
          </params>
          <reporter-output>
          </reporter-output>
        </test-method> <!-- Test -->
        <test-method status="PASS" signature="setUpClass()[pri:0, instance:cucumberOptions.TestRunner@ea1a8d5]" name="setUpClass" is-config="true" duration-ms="25" started-at="2019-07-22T13:13:57Z" finished-at="2019-07-22T13:13:57Z">
          <reporter-output>
          </reporter-output>
        </test-method> <!-- setUpClass -->
        <test-method status="PASS" signature="feature(cucumber.api.testng.CucumberFeatureWrapper)[pri:0, instance:cucumberOptions.TestRunner@ea1a8d5]" name="feature" duration-ms="14286" started-at="2019-07-22T13:13:57Z" description="Runs Cucumber Feature" data-provider="features" finished-at="2019-07-22T13:14:12Z">
          <params>
            <param index="0">
              <value>
                <![CDATA[Verify Email Us functionality]]>
              </value>
            </param>
          </params>
          <reporter-output>
          </reporter-output>
        </test-method> <!-- feature -->
        <test-method status="PASS" signature="tearDownClass()[pri:0, instance:cucumberOptions.TestRunner@ea1a8d5]" name="tearDownClass" is-config="true" duration-ms="10" started-at="2019-07-22T13:14:12Z" finished-at="2019-07-22T13:14:12Z">
          <reporter-output>
          </reporter-output>
        </test-method> <!-- tearDownClass -->
        <test-method status="PASS" signature="tearDown()[pri:0, instance:cucumberOptions.TestRunner@ea1a8d5]" name="tearDown" is-config="true" duration-ms="566" started-at="2019-07-22T13:14:12Z" finished-at="2019-07-22T13:14:12Z">
          <reporter-output>
          </reporter-output>
        </test-method> <!-- tearDown -->
      </class> <!-- cucumberOptions.TestRunner -->
    </test> <!-- Radical_uk -->
    <test name="Radical_us" duration-ms="50448" started-at="2019-07-22T13:14:12Z" finished-at="2019-07-22T13:15:03Z">
      <class name="cucumberOptions.TestRunner">
        <test-method status="PASS" signature="Test(java.lang.String)[pri:0, instance:cucumberOptions.TestRunner@7a765367]" name="Test" is-config="true" duration-ms="35692" started-at="2019-07-22T13:14:12Z" finished-at="2019-07-22T13:14:48Z">
          <params>
            <param index="0">
              <value>
                <![CDATA[Radical_us]]>
              </value>
            </param>
          </params>
          <reporter-output>
          </reporter-output>
        </test-method> <!-- Test -->
        <test-method status="PASS" signature="setUpClass()[pri:0, instance:cucumberOptions.TestRunner@7a765367]" name="setUpClass" is-config="true" duration-ms="6" started-at="2019-07-22T13:14:48Z" finished-at="2019-07-22T13:14:48Z">
          <reporter-output>
          </reporter-output>
        </test-method> <!-- setUpClass -->
        <test-method status="PASS" signature="feature(cucumber.api.testng.CucumberFeatureWrapper)[pri:0, instance:cucumberOptions.TestRunner@7a765367]" name="feature" duration-ms="14138" started-at="2019-07-22T13:14:48Z" description="Runs Cucumber Feature" data-provider="features" finished-at="2019-07-22T13:15:02Z">
          <params>
            <param index="0">
              <value>
                <![CDATA[Verify Email Us functionality]]>
              </value>
            </param>
          </params>
          <reporter-output>
          </reporter-output>
        </test-method> <!-- feature -->
        <test-method status="PASS" signature="tearDownClass()[pri:0, instance:cucumberOptions.TestRunner@7a765367]" name="tearDownClass" is-config="true" duration-ms="13" started-at="2019-07-22T13:15:02Z" finished-at="2019-07-22T13:15:02Z">
          <reporter-output>
          </reporter-output>
        </test-method> <!-- tearDownClass -->
        <test-method status="PASS" signature="tearDown()[pri:0, instance:cucumberOptions.TestRunner@7a765367]" name="tearDown" is-config="true" duration-ms="596" started-at="2019-07-22T13:15:02Z" finished-at="2019-07-22T13:15:03Z">
          <reporter-output>
          </reporter-output>
        </test-method> <!-- tearDown -->
      </class> <!-- cucumberOptions.TestRunner -->
    </test> <!-- Radical_us -->
  </suite> <!-- Test Suite -->
</testng-results>
