<?xml version="1.0" encoding="UTF-8"?>
<!-- Generated by org.testng.reporters.JUnitXMLReporter -->
<testsuite hostname="UKLF3GWKC2" ignored="0" name="1Source_nz(failed)(failed)(failed)(failed)(failed)" tests="5" failures="0" timestamp="30 Apr 2019 10:35:38 GMT" time="189.829" errors="0">
  <testcase name="feature" time="26.738" classname="cucumber.api.testng.AbstractTestNGCucumberTests"/>
  <testcase name="feature" time="52.803" classname="cucumber.api.testng.AbstractTestNGCucumberTests"/>
  <testcase name="feature" time="47.855" classname="cucumber.api.testng.AbstractTestNGCucumberTests"/>
  <testcase name="feature" time="14.638" classname="cucumber.api.testng.AbstractTestNGCucumberTests"/>
  <testcase name="feature" time="7.278" classname="cucumber.api.testng.AbstractTestNGCucumberTests"/>
</testsuite> <!-- 1Source_nz(failed)(failed)(failed)(failed)(failed) -->
