<?xml version="1.0" encoding="UTF-8"?>
<!-- Generated by org.testng.reporters.JUnitXMLReporter -->
<testsuite hostname="UKLF3GWKC2" ignored="0" name="Dragoman_us(failed)" tests="4" failures="0" timestamp="10 Jun 2019 11:54:30 GMT" time="263.746" errors="0">
  <testcase name="feature" time="38.885" classname="cucumber.api.testng.AbstractTestNGCucumberTests"/>
  <testcase name="feature" time="24.549" classname="cucumber.api.testng.AbstractTestNGCucumberTests"/>
  <testcase name="feature" time="120.101" classname="cucumber.api.testng.AbstractTestNGCucumberTests"/>
  <testcase name="feature" time="17.946" classname="cucumber.api.testng.AbstractTestNGCucumberTests"/>
</testsuite> <!-- Dragoman_us(failed) -->
