<?xml version="1.0" encoding="UTF-8"?>
<!-- Generated by org.testng.reporters.JUnitXMLReporter -->
<testsuite hostname="UKLF3GWKC2" ignored="0" name="GrandAmerica_us(failed)" tests="4" failures="0" timestamp="24 Apr 2019 15:01:26 GMT" time="103.996" errors="0">
  <testcase name="feature" time="4.147" classname="cucumber.api.testng.AbstractTestNGCucumberTests"/>
  <testcase name="feature" time="25.442" classname="cucumber.api.testng.AbstractTestNGCucumberTests"/>
  <testcase name="feature" time="44.831" classname="cucumber.api.testng.AbstractTestNGCucumberTests"/>
  <testcase name="feature" time="12.033" classname="cucumber.api.testng.AbstractTestNGCucumberTests"/>
</testsuite> <!-- GrandAmerica_us(failed) -->
