<?xml version="1.0" encoding="UTF-8"?>
<!-- Generated by org.testng.reporters.JUnitXMLReporter -->
<testsuite hostname="UKLF3GWKC2" ignored="0" name="GrandAmerica_uk(failed)" tests="4" failures="0" timestamp="24 Apr 2019 14:59:41 GMT" time="106.454" errors="0">
  <testcase name="feature" time="4.158" classname="cucumber.api.testng.AbstractTestNGCucumberTests"/>
  <testcase name="feature" time="25.585" classname="cucumber.api.testng.AbstractTestNGCucumberTests"/>
  <testcase name="feature" time="46.223" classname="cucumber.api.testng.AbstractTestNGCucumberTests"/>
  <testcase name="feature" time="12.229" classname="cucumber.api.testng.AbstractTestNGCucumberTests"/>
</testsuite> <!-- GrandAmerica_uk(failed) -->
