<?xml version="1.0" encoding="UTF-8"?>
<!-- Generated by org.testng.reporters.JUnitXMLReporter -->
<testsuite hostname="UKLF3GWKC2" ignored="0" name="Radical_us(failed)" tests="4" failures="0" timestamp="24 Apr 2019 15:09:40 GMT" time="114.727" errors="0">
  <testcase name="feature" time="8.604" classname="cucumber.api.testng.AbstractTestNGCucumberTests"/>
  <testcase name="feature" time="26.115" classname="cucumber.api.testng.AbstractTestNGCucumberTests"/>
  <testcase name="feature" time="47.234" classname="cucumber.api.testng.AbstractTestNGCucumberTests"/>
  <testcase name="feature" time="12.206" classname="cucumber.api.testng.AbstractTestNGCucumberTests"/>
</testsuite> <!-- Radical_us(failed) -->
