<?xml version="1.0" encoding="UTF-8"?>
<!-- Generated by org.testng.reporters.JUnitXMLReporter -->
<testsuite hostname="UKLF3GWKC2" ignored="0" name="Radical_uk(failed)" tests="4" failures="0" timestamp="24 Apr 2019 15:07:45 GMT" time="115.973" errors="0">
  <testcase name="feature" time="8.654" classname="cucumber.api.testng.AbstractTestNGCucumberTests"/>
  <testcase name="feature" time="29.254" classname="cucumber.api.testng.AbstractTestNGCucumberTests"/>
  <testcase name="feature" time="46.779" classname="cucumber.api.testng.AbstractTestNGCucumberTests"/>
  <testcase name="feature" time="12.25" classname="cucumber.api.testng.AbstractTestNGCucumberTests"/>
</testsuite> <!-- Radical_uk(failed) -->
