<?xml version="1.0" encoding="UTF-8"?>
<!-- Generated by org.testng.reporters.JUnitXMLReporter -->
<testsuite hostname="UKLF3GWKC2" ignored="0" name="TrekAmerica_uk(failed)" tests="4" failures="0" timestamp="24 Apr 2019 14:52:15 GMT" time="104.078" errors="0">
  <testcase name="feature" time="4.155" classname="cucumber.api.testng.AbstractTestNGCucumberTests"/>
  <testcase name="feature" time="24.36" classname="cucumber.api.testng.AbstractTestNGCucumberTests"/>
  <testcase name="feature" time="45.351" classname="cucumber.api.testng.AbstractTestNGCucumberTests"/>
  <testcase name="feature" time="12.184" classname="cucumber.api.testng.AbstractTestNGCucumberTests"/>
</testsuite> <!-- TrekAmerica_uk(failed) -->
